
> portafolio@0.1.0 dev
> next dev -p 3002

[baseline-browser-mapping] The data in this module is over two months old.  To ensure accurate Baseline data, please update: `npm i baseline-browser-mapping@latest -D`
   [1m[38;2;173;127;168m▲ Next.js 16.0.10[39m[22m (Turbopack)
   - Local:         http://localhost:3002
   - Network:       http://100.115.142.88:3002
   - Environments: .env

 [32m[1m✓[22m[39m Starting...
 [33m[1m⚠[22m[39m The "middleware" file convention is deprecated. Please use "proxy" instead. Learn more: https://nextjs.org/docs/messages/middleware-to-proxy
 [32m[1m✓[22m[39m Ready in 2s
 [32m[1m✓[22m[39m Compiled in 228ms
 [37m[1m○[22m[39m Compiling /admin ...
[34mprisma:query[39m SELECT "public"."Tag"."id", "public"."Tag"."name", "public"."Tag"."slug", "public"."Tag"."category"::text, COALESCE("aggr_selection_0_ProjectTag"."_aggr_count_projects", 0) AS "_aggr_count_projects" FROM "public"."Tag" LEFT JOIN (SELECT "public"."ProjectTag"."tagId", COUNT(*) AS "_aggr_count_projects" FROM "public"."ProjectTag" WHERE 1=1 GROUP BY "public"."ProjectTag"."tagId") AS "aggr_selection_0_ProjectTag" ON ("public"."Tag"."id" = "aggr_selection_0_ProjectTag"."tagId") WHERE 1=1 ORDER BY "public"."Tag"."category" ASC, "public"."Tag"."name" ASC OFFSET $1
[34mprisma:query[39m SELECT "public"."Project"."id", "public"."Project"."title", "public"."Project"."slug", "public"."Project"."name", "public"."Project"."description", "public"."Project"."status"::text, "public"."Project"."featured", "public"."Project"."githubUrl", "public"."Project"."demoUrl", "public"."Project"."imageUrl", "public"."Project"."createdAt", "public"."Project"."updatedAt" FROM "public"."Project" WHERE "public"."Project"."featured" = $1 ORDER BY "public"."Project"."createdAt" DESC OFFSET $2
[34mprisma:query[39m SELECT "public"."Project"."id", "public"."Project"."title", "public"."Project"."slug", "public"."Project"."name", "public"."Project"."description", "public"."Project"."status"::text, "public"."Project"."featured", "public"."Project"."githubUrl", "public"."Project"."demoUrl", "public"."Project"."imageUrl", "public"."Project"."createdAt", "public"."Project"."updatedAt" FROM "public"."Project" WHERE 1=1 ORDER BY "public"."Project"."createdAt" DESC OFFSET $1
[34mprisma:query[39m SELECT "public"."ProjectTag"."projectId", "public"."ProjectTag"."tagId" FROM "public"."ProjectTag" WHERE "public"."ProjectTag"."projectId" IN ($1,$2,$3,$4) OFFSET $5
[34mprisma:query[39m SELECT "public"."ProjectTag"."projectId", "public"."ProjectTag"."tagId" FROM "public"."ProjectTag" WHERE "public"."ProjectTag"."projectId" IN ($1,$2,$3,$4,$5,$6) OFFSET $7
[34mprisma:query[39m SELECT "public"."Resource"."id", "public"."Resource"."projectId", "public"."Resource"."type"::text, "public"."Resource"."title", "public"."Resource"."description", "public"."Resource"."url", "public"."Resource"."content", "public"."Resource"."order", "public"."Resource"."createdAt" FROM "public"."Resource" WHERE "public"."Resource"."projectId" IN ($1,$2,$3,$4) OFFSET $5
[34mprisma:query[39m SELECT "public"."Tag"."id", "public"."Tag"."name", "public"."Tag"."slug", "public"."Tag"."category"::text FROM "public"."Tag" WHERE "public"."Tag"."id" IN ($1,$2,$3,$4,$5,$6,$7,$8,$9,$10,$11,$12,$13,$14,$15,$16) OFFSET $17
[34mprisma:query[39m SELECT "public"."Tag"."id", "public"."Tag"."name", "public"."Tag"."slug", "public"."Tag"."category"::text FROM "public"."Tag" WHERE "public"."Tag"."id" IN ($1,$2,$3,$4,$5,$6,$7,$8,$9,$10,$11,$12,$13,$14,$15,$16,$17,$18,$19,$20,$21,$22,$23,$24) OFFSET $25
[34mprisma:query[39m SELECT "public"."Resource"."id", "public"."Resource"."projectId", "public"."Resource"."type"::text, "public"."Resource"."title", "public"."Resource"."description", "public"."Resource"."url", "public"."Resource"."content", "public"."Resource"."order", "public"."Resource"."createdAt" FROM "public"."Resource" WHERE "public"."Resource"."projectId" IN ($1,$2,$3,$4,$5,$6) OFFSET $7
 HEAD /admin [32m200[39m in 11.7s[2m (compile: 10.3s, render: 1355ms)[22m
 POST /admin/login [32m200[39m in 1557ms[2m (compile: 1498ms, render: 59ms)[22m
 [32m[1m✓[22m[39m Compiled in 168ms
 GET /admin [34m307[39m in 391ms[2m (compile: 235ms, render: 157ms)[22m
 GET /admin/login [32m200[39m in 68ms[2m (compile: 4ms, render: 63ms)[22m
[LOGIN] Received: { email: [32m'admin@example.com'[39m, passwordLength: [33m8[39m }
[LOGIN] Config: {
  adminEmail: [32m'admin@example.com'[39m,
  adminEmailDefined: [33mtrue[39m,
  passwordDefined: [33mtrue[39m,
  emailMatch: [33mtrue[39m
}
[LOGIN] Comparing password...
[LOGIN] Password comparison result: [33mtrue[39m
[LOGIN] Creating session...
[LOGIN] Success, redirecting...
[34mprisma:query[39m SELECT "public"."Project"."id", "public"."Project"."title", "public"."Project"."slug", "public"."Project"."name", "public"."Project"."description", "public"."Project"."status"::text, "public"."Project"."featured", "public"."Project"."githubUrl", "public"."Project"."demoUrl", "public"."Project"."imageUrl", "public"."Project"."createdAt", "public"."Project"."updatedAt" FROM "public"."Project" WHERE 1=1 ORDER BY "public"."Project"."createdAt" DESC OFFSET $1
[34mprisma:query[39m SELECT "public"."Tag"."id", "public"."Tag"."name", "public"."Tag"."slug", "public"."Tag"."category"::text, COALESCE("aggr_selection_0_ProjectTag"."_aggr_count_projects", 0) AS "_aggr_count_projects" FROM "public"."Tag" LEFT JOIN (SELECT "public"."ProjectTag"."tagId", COUNT(*) AS "_aggr_count_projects" FROM "public"."ProjectTag" WHERE 1=1 GROUP BY "public"."ProjectTag"."tagId") AS "aggr_selection_0_ProjectTag" ON ("public"."Tag"."id" = "aggr_selection_0_ProjectTag"."tagId") WHERE 1=1 ORDER BY "public"."Tag"."category" ASC, "public"."Tag"."name" ASC OFFSET $1
[34mprisma:query[39m SELECT "public"."ProjectTag"."projectId", "public"."ProjectTag"."tagId" FROM "public"."ProjectTag" WHERE "public"."ProjectTag"."projectId" IN ($1,$2,$3,$4,$5,$6) OFFSET $7
[34mprisma:query[39m SELECT "public"."Tag"."id", "public"."Tag"."name", "public"."Tag"."slug", "public"."Tag"."category"::text FROM "public"."Tag" WHERE "public"."Tag"."id" IN ($1,$2,$3,$4,$5,$6,$7,$8,$9,$10,$11,$12,$13,$14,$15,$16,$17,$18,$19,$20,$21,$22,$23,$24) OFFSET $25
[34mprisma:query[39m SELECT "public"."Project"."id", "public"."Project"."title", "public"."Project"."slug", "public"."Project"."name", "public"."Project"."description", "public"."Project"."status"::text, "public"."Project"."featured", "public"."Project"."githubUrl", "public"."Project"."demoUrl", "public"."Project"."imageUrl", "public"."Project"."createdAt", "public"."Project"."updatedAt" FROM "public"."Project" WHERE "public"."Project"."featured" = $1 ORDER BY "public"."Project"."createdAt" DESC OFFSET $2
[34mprisma:query[39m SELECT "public"."ProjectTag"."projectId", "public"."ProjectTag"."tagId" FROM "public"."ProjectTag" WHERE "public"."ProjectTag"."projectId" IN ($1,$2,$3,$4) OFFSET $5
[34mprisma:query[39m SELECT "public"."Resource"."id", "public"."Resource"."projectId", "public"."Resource"."type"::text, "public"."Resource"."title", "public"."Resource"."description", "public"."Resource"."url", "public"."Resource"."content", "public"."Resource"."order", "public"."Resource"."createdAt" FROM "public"."Resource" WHERE "public"."Resource"."projectId" IN ($1,$2,$3,$4) OFFSET $5
[34mprisma:query[39m SELECT "public"."Tag"."id", "public"."Tag"."name", "public"."Tag"."slug", "public"."Tag"."category"::text FROM "public"."Tag" WHERE "public"."Tag"."id" IN ($1,$2,$3,$4,$5,$6,$7,$8,$9,$10,$11,$12,$13,$14,$15,$16) OFFSET $17
[34mprisma:query[39m SELECT "public"."Resource"."id", "public"."Resource"."projectId", "public"."Resource"."type"::text, "public"."Resource"."title", "public"."Resource"."description", "public"."Resource"."url", "public"."Resource"."content", "public"."Resource"."order", "public"."Resource"."createdAt" FROM "public"."Resource" WHERE "public"."Resource"."projectId" IN ($1,$2,$3,$4,$5,$6) OFFSET $7
 GET /admin [32m200[39m in 310ms[2m (compile: 5ms, render: 305ms)[22m
 POST /admin/login [34m303[39m in 381ms[2m (compile: 4ms, render: 377ms)[22m
[34mprisma:query[39m SELECT "public"."Project"."id", "public"."Project"."title", "public"."Project"."slug", "public"."Project"."name", "public"."Project"."description", "public"."Project"."status"::text, "public"."Project"."featured", "public"."Project"."githubUrl", "public"."Project"."demoUrl", "public"."Project"."imageUrl", "public"."Project"."createdAt", "public"."Project"."updatedAt" FROM "public"."Project" WHERE "public"."Project"."featured" = $1 ORDER BY "public"."Project"."createdAt" DESC OFFSET $2
[34mprisma:query[39m SELECT "public"."Tag"."id", "public"."Tag"."name", "public"."Tag"."slug", "public"."Tag"."category"::text, COALESCE("aggr_selection_0_ProjectTag"."_aggr_count_projects", 0) AS "_aggr_count_projects" FROM "public"."Tag" LEFT JOIN (SELECT "public"."ProjectTag"."tagId", COUNT(*) AS "_aggr_count_projects" FROM "public"."ProjectTag" WHERE 1=1 GROUP BY "public"."ProjectTag"."tagId") AS "aggr_selection_0_ProjectTag" ON ("public"."Tag"."id" = "aggr_selection_0_ProjectTag"."tagId") WHERE 1=1 ORDER BY "public"."Tag"."category" ASC, "public"."Tag"."name" ASC OFFSET $1
[34mprisma:query[39m SELECT "public"."ProjectTag"."projectId", "public"."ProjectTag"."tagId" FROM "public"."ProjectTag" WHERE "public"."ProjectTag"."projectId" IN ($1,$2,$3,$4) OFFSET $5
[34mprisma:query[39m SELECT "public"."Project"."id", "public"."Project"."title", "public"."Project"."slug", "public"."Project"."name", "public"."Project"."description", "public"."Project"."status"::text, "public"."Project"."featured", "public"."Project"."githubUrl", "public"."Project"."demoUrl", "public"."Project"."imageUrl", "public"."Project"."createdAt", "public"."Project"."updatedAt" FROM "public"."Project" WHERE 1=1 ORDER BY "public"."Project"."createdAt" DESC OFFSET $1
[34mprisma:query[39m SELECT "public"."Resource"."id", "public"."Resource"."projectId", "public"."Resource"."type"::text, "public"."Resource"."title", "public"."Resource"."description", "public"."Resource"."url", "public"."Resource"."content", "public"."Resource"."order", "public"."Resource"."createdAt" FROM "public"."Resource" WHERE "public"."Resource"."projectId" IN ($1,$2,$3,$4) OFFSET $5
[34mprisma:query[39m SELECT "public"."Tag"."id", "public"."Tag"."name", "public"."Tag"."slug", "public"."Tag"."category"::text FROM "public"."Tag" WHERE "public"."Tag"."id" IN ($1,$2,$3,$4,$5,$6,$7,$8,$9,$10,$11,$12,$13,$14,$15,$16) OFFSET $17
[34mprisma:query[39m SELECT "public"."Resource"."id", "public"."Resource"."projectId", "public"."Resource"."type"::text, "public"."Resource"."title", "public"."Resource"."description", "public"."Resource"."url", "public"."Resource"."content", "public"."Resource"."order", "public"."Resource"."createdAt" FROM "public"."Resource" WHERE "public"."Resource"."projectId" IN ($1,$2,$3,$4,$5,$6) OFFSET $7
[34mprisma:query[39m SELECT "public"."ProjectTag"."projectId", "public"."ProjectTag"."tagId" FROM "public"."ProjectTag" WHERE "public"."ProjectTag"."projectId" IN ($1,$2,$3,$4,$5,$6) OFFSET $7
[34mprisma:query[39m SELECT "public"."Tag"."id", "public"."Tag"."name", "public"."Tag"."slug", "public"."Tag"."category"::text FROM "public"."Tag" WHERE "public"."Tag"."id" IN ($1,$2,$3,$4,$5,$6,$7,$8,$9,$10,$11,$12,$13,$14,$15,$16,$17,$18,$19,$20,$21,$22,$23,$24) OFFSET $25
 GET /admin [32m200[39m in 78ms[2m (compile: 5ms, render: 74ms)[22m
[MIDDLEWARE] Session cookie found
[34mprisma:query[39m SELECT "public"."Project"."id", "public"."Project"."title", "public"."Project"."slug", "public"."Project"."name", "public"."Project"."description", "public"."Project"."status"::text, "public"."Project"."featured", "public"."Project"."githubUrl", "public"."Project"."demoUrl", "public"."Project"."imageUrl", "public"."Project"."createdAt", "public"."Project"."updatedAt" FROM "public"."Project" WHERE 1=1 ORDER BY "public"."Project"."createdAt" DESC OFFSET $1
[34mprisma:query[39m SELECT "public"."ProjectTag"."projectId", "public"."ProjectTag"."tagId" FROM "public"."ProjectTag" WHERE "public"."ProjectTag"."projectId" IN ($1,$2,$3,$4,$5,$6) OFFSET $7
[34mprisma:query[39m SELECT "public"."Resource"."id", "public"."Resource"."projectId", "public"."Resource"."type"::text, "public"."Resource"."title", "public"."Resource"."description", "public"."Resource"."url", "public"."Resource"."content", "public"."Resource"."order", "public"."Resource"."createdAt" FROM "public"."Resource" WHERE "public"."Resource"."projectId" IN ($1,$2,$3,$4,$5,$6) OFFSET $7
[34mprisma:query[39m SELECT "public"."Tag"."id", "public"."Tag"."name", "public"."Tag"."slug", "public"."Tag"."category"::text FROM "public"."Tag" WHERE "public"."Tag"."id" IN ($1,$2,$3,$4,$5,$6,$7,$8,$9,$10,$11,$12,$13,$14,$15,$16,$17,$18,$19,$20,$21,$22,$23,$24) OFFSET $25
 GET /admin/projects [32m200[39m in 2.2s[2m (compile: 2.1s, proxy.ts: 61ms, render: 52ms)[22m
[MIDDLEWARE] Session cookie found
 [37m[1m○[22m[39m Compiling /admin/projects/[id]/edit ...
[34mprisma:query[39m SELECT "public"."Tag"."id", "public"."Tag"."name", "public"."Tag"."slug", "public"."Tag"."category"::text, COALESCE("aggr_selection_0_ProjectTag"."_aggr_count_projects", 0) AS "_aggr_count_projects" FROM "public"."Tag" LEFT JOIN (SELECT "public"."ProjectTag"."tagId", COUNT(*) AS "_aggr_count_projects" FROM "public"."ProjectTag" WHERE 1=1 GROUP BY "public"."ProjectTag"."tagId") AS "aggr_selection_0_ProjectTag" ON ("public"."Tag"."id" = "aggr_selection_0_ProjectTag"."tagId") WHERE 1=1 ORDER BY "public"."Tag"."category" ASC, "public"."Tag"."name" ASC OFFSET $1
[34mprisma:query[39m SELECT "public"."Project"."id", "public"."Project"."title", "public"."Project"."slug", "public"."Project"."name", "public"."Project"."description", "public"."Project"."status"::text, "public"."Project"."featured", "public"."Project"."githubUrl", "public"."Project"."demoUrl", "public"."Project"."imageUrl", "public"."Project"."createdAt", "public"."Project"."updatedAt" FROM "public"."Project" WHERE ("public"."Project"."id" = $1 AND 1=1) LIMIT $2 OFFSET $3
[34mprisma:query[39m SELECT "public"."ProjectTag"."projectId", "public"."ProjectTag"."tagId" FROM "public"."ProjectTag" WHERE "public"."ProjectTag"."projectId" = $1 OFFSET $2
[34mprisma:query[39m SELECT "public"."Resource"."id", "public"."Resource"."projectId", "public"."Resource"."type"::text, "public"."Resource"."title", "public"."Resource"."description", "public"."Resource"."url", "public"."Resource"."content", "public"."Resource"."order", "public"."Resource"."createdAt" FROM "public"."Resource" WHERE "public"."Resource"."projectId" = $1 OFFSET $2
[34mprisma:query[39m SELECT "public"."Tag"."id", "public"."Tag"."name", "public"."Tag"."slug", "public"."Tag"."category"::text FROM "public"."Tag" WHERE "public"."Tag"."id" IN ($1,$2,$3,$4) OFFSET $5
 GET /admin/projects/4/edit [32m200[39m in 14.4s[2m (compile: 14.2s, proxy.ts: 4ms, render: 253ms)[22m
[MIDDLEWARE] Session cookie found
 [37m[1m○[22m[39m Compiling /admin/cv ...
[34mprisma:query[39m SELECT "public"."CvVersion"."id", "public"."CvVersion"."name", "public"."CvVersion"."content", "public"."CvVersion"."isPublic", "public"."CvVersion"."createdAt", "public"."CvVersion"."updatedAt" FROM "public"."CvVersion" WHERE 1=1 ORDER BY "public"."CvVersion"."updatedAt" DESC OFFSET $1
 GET /admin/cv [32m200[39m in 3.2s[2m (compile: 3.1s, proxy.ts: 6ms, render: 100ms)[22m
[MIDDLEWARE] Session cookie found
 [37m[1m○[22m[39m Compiling /admin/cv/[id]/edit ...
 GET /admin/cv/1/edit [32m200[39m in 4.1s[2m (compile: 4.0s, proxy.ts: 4ms, render: 37ms)[22m
 [37m[1m○[22m[39m Compiling /api/cv/[id] ...
[34mprisma:query[39m SELECT "public"."CvVersion"."id", "public"."CvVersion"."name", "public"."CvVersion"."content", "public"."CvVersion"."isPublic", "public"."CvVersion"."createdAt", "public"."CvVersion"."updatedAt" FROM "public"."CvVersion" WHERE ("public"."CvVersion"."id" = $1 AND 1=1) LIMIT $2 OFFSET $3
 GET /api/cv/1 [32m200[39m in 4.4s[2m (compile: 4.3s, render: 68ms)[22m
[34mprisma:query[39m SELECT "public"."CvVersion"."id", "public"."CvVersion"."name", "public"."CvVersion"."content", "public"."CvVersion"."isPublic", "public"."CvVersion"."createdAt", "public"."CvVersion"."updatedAt" FROM "public"."CvVersion" WHERE ("public"."CvVersion"."id" = $1 AND 1=1) LIMIT $2 OFFSET $3
 GET /api/cv/1 [32m200[39m in 25ms[2m (compile: 13ms, render: 12ms)[22m
[MIDDLEWARE] Session cookie found
[34mprisma:query[39m SELECT "public"."Tag"."id", "public"."Tag"."name", "public"."Tag"."slug", "public"."Tag"."category"::text, COALESCE("aggr_selection_0_ProjectTag"."_aggr_count_projects", 0) AS "_aggr_count_projects" FROM "public"."Tag" LEFT JOIN (SELECT "public"."ProjectTag"."tagId", COUNT(*) AS "_aggr_count_projects" FROM "public"."ProjectTag" WHERE 1=1 GROUP BY "public"."ProjectTag"."tagId") AS "aggr_selection_0_ProjectTag" ON ("public"."Tag"."id" = "aggr_selection_0_ProjectTag"."tagId") WHERE 1=1 ORDER BY "public"."Tag"."category" ASC, "public"."Tag"."name" ASC OFFSET $1
 GET /admin/tags [32m200[39m in 1297ms[2m (compile: 1115ms, proxy.ts: 6ms, render: 176ms)[22m
[34mprisma:query[39m SELECT "public"."Project"."id", "public"."Project"."title", "public"."Project"."slug", "public"."Project"."name", "public"."Project"."description", "public"."Project"."status"::text, "public"."Project"."featured", "public"."Project"."githubUrl", "public"."Project"."demoUrl", "public"."Project"."imageUrl", "public"."Project"."createdAt", "public"."Project"."updatedAt" FROM "public"."Project" WHERE 1=1 ORDER BY "public"."Project"."createdAt" DESC OFFSET $1
[34mprisma:query[39m SELECT "public"."ProjectTag"."projectId", "public"."ProjectTag"."tagId" FROM "public"."ProjectTag" WHERE "public"."ProjectTag"."projectId" IN ($1,$2,$3,$4,$5,$6) OFFSET $7
[34mprisma:query[39m SELECT "public"."Tag"."id", "public"."Tag"."name", "public"."Tag"."slug", "public"."Tag"."category"::text FROM "public"."Tag" WHERE "public"."Tag"."id" IN ($1,$2,$3,$4,$5,$6,$7,$8,$9,$10,$11,$12,$13,$14,$15,$16,$17,$18,$19,$20,$21,$22,$23,$24) OFFSET $25
[34mprisma:query[39m SELECT "public"."Project"."id", "public"."Project"."title", "public"."Project"."slug", "public"."Project"."name", "public"."Project"."description", "public"."Project"."status"::text, "public"."Project"."featured", "public"."Project"."githubUrl", "public"."Project"."demoUrl", "public"."Project"."imageUrl", "public"."Project"."createdAt", "public"."Project"."updatedAt" FROM "public"."Project" WHERE "public"."Project"."featured" = $1 ORDER BY "public"."Project"."createdAt" DESC OFFSET $2
[34mprisma:query[39m SELECT "public"."ProjectTag"."projectId", "public"."ProjectTag"."tagId" FROM "public"."ProjectTag" WHERE "public"."ProjectTag"."projectId" IN ($1,$2,$3,$4) OFFSET $5
[34mprisma:query[39m SELECT "public"."Resource"."id", "public"."Resource"."projectId", "public"."Resource"."type"::text, "public"."Resource"."title", "public"."Resource"."description", "public"."Resource"."url", "public"."Resource"."content", "public"."Resource"."order", "public"."Resource"."createdAt" FROM "public"."Resource" WHERE "public"."Resource"."projectId" IN ($1,$2,$3,$4) OFFSET $5
[34mprisma:query[39m SELECT "public"."Tag"."id", "public"."Tag"."name", "public"."Tag"."slug", "public"."Tag"."category"::text FROM "public"."Tag" WHERE "public"."Tag"."id" IN ($1,$2,$3,$4,$5,$6,$7,$8,$9,$10,$11,$12,$13,$14,$15,$16) OFFSET $17
[34mprisma:query[39m SELECT "public"."Tag"."id", "public"."Tag"."name", "public"."Tag"."slug", "public"."Tag"."category"::text, COALESCE("aggr_selection_0_ProjectTag"."_aggr_count_projects", 0) AS "_aggr_count_projects" FROM "public"."Tag" LEFT JOIN (SELECT "public"."ProjectTag"."tagId", COUNT(*) AS "_aggr_count_projects" FROM "public"."ProjectTag" WHERE 1=1 GROUP BY "public"."ProjectTag"."tagId") AS "aggr_selection_0_ProjectTag" ON ("public"."Tag"."id" = "aggr_selection_0_ProjectTag"."tagId") WHERE 1=1 ORDER BY "public"."Tag"."category" ASC, "public"."Tag"."name" ASC OFFSET $1
[34mprisma:query[39m SELECT "public"."Resource"."id", "public"."Resource"."projectId", "public"."Resource"."type"::text, "public"."Resource"."title", "public"."Resource"."description", "public"."Resource"."url", "public"."Resource"."content", "public"."Resource"."order", "public"."Resource"."createdAt" FROM "public"."Resource" WHERE "public"."Resource"."projectId" IN ($1,$2,$3,$4,$5,$6) OFFSET $7
 GET /admin [32m200[39m in 179ms[2m (compile: 5ms, render: 174ms)[22m
[MIDDLEWARE] Session cookie found
[34mprisma:query[39m SELECT "public"."Project"."id", "public"."Project"."title", "public"."Project"."slug", "public"."Project"."name", "public"."Project"."description", "public"."Project"."status"::text, "public"."Project"."featured", "public"."Project"."githubUrl", "public"."Project"."demoUrl", "public"."Project"."imageUrl", "public"."Project"."createdAt", "public"."Project"."updatedAt" FROM "public"."Project" WHERE 1=1 ORDER BY "public"."Project"."createdAt" DESC OFFSET $1
[34mprisma:query[39m SELECT "public"."ProjectTag"."projectId", "public"."ProjectTag"."tagId" FROM "public"."ProjectTag" WHERE "public"."ProjectTag"."projectId" IN ($1,$2,$3,$4,$5,$6) OFFSET $7
[34mprisma:query[39m SELECT "public"."Resource"."id", "public"."Resource"."projectId", "public"."Resource"."type"::text, "public"."Resource"."title", "public"."Resource"."description", "public"."Resource"."url", "public"."Resource"."content", "public"."Resource"."order", "public"."Resource"."createdAt" FROM "public"."Resource" WHERE "public"."Resource"."projectId" IN ($1,$2,$3,$4,$5,$6) OFFSET $7
[34mprisma:query[39m SELECT "public"."Tag"."id", "public"."Tag"."name", "public"."Tag"."slug", "public"."Tag"."category"::text FROM "public"."Tag" WHERE "public"."Tag"."id" IN ($1,$2,$3,$4,$5,$6,$7,$8,$9,$10,$11,$12,$13,$14,$15,$16,$17,$18,$19,$20,$21,$22,$23,$24) OFFSET $25
 GET /admin/projects [32m200[39m in 94ms[2m (compile: 7ms, proxy.ts: 6ms, render: 82ms)[22m
[MIDDLEWARE] Session cookie found
[34mprisma:query[39m SELECT "public"."Tag"."id", "public"."Tag"."name", "public"."Tag"."slug", "public"."Tag"."category"::text, COALESCE("aggr_selection_0_ProjectTag"."_aggr_count_projects", 0) AS "_aggr_count_projects" FROM "public"."Tag" LEFT JOIN (SELECT "public"."ProjectTag"."tagId", COUNT(*) AS "_aggr_count_projects" FROM "public"."ProjectTag" WHERE 1=1 GROUP BY "public"."ProjectTag"."tagId") AS "aggr_selection_0_ProjectTag" ON ("public"."Tag"."id" = "aggr_selection_0_ProjectTag"."tagId") WHERE 1=1 ORDER BY "public"."Tag"."category" ASC, "public"."Tag"."name" ASC OFFSET $1
[34mprisma:query[39m SELECT "public"."Project"."id", "public"."Project"."title", "public"."Project"."slug", "public"."Project"."name", "public"."Project"."description", "public"."Project"."status"::text, "public"."Project"."featured", "public"."Project"."githubUrl", "public"."Project"."demoUrl", "public"."Project"."imageUrl", "public"."Project"."createdAt", "public"."Project"."updatedAt" FROM "public"."Project" WHERE ("public"."Project"."id" = $1 AND 1=1) LIMIT $2 OFFSET $3
[34mprisma:query[39m SELECT "public"."ProjectTag"."projectId", "public"."ProjectTag"."tagId" FROM "public"."ProjectTag" WHERE "public"."ProjectTag"."projectId" = $1 OFFSET $2
[34mprisma:query[39m SELECT "public"."Resource"."id", "public"."Resource"."projectId", "public"."Resource"."type"::text, "public"."Resource"."title", "public"."Resource"."description", "public"."Resource"."url", "public"."Resource"."content", "public"."Resource"."order", "public"."Resource"."createdAt" FROM "public"."Resource" WHERE "public"."Resource"."projectId" = $1 OFFSET $2
[34mprisma:query[39m SELECT "public"."Tag"."id", "public"."Tag"."name", "public"."Tag"."slug", "public"."Tag"."category"::text FROM "public"."Tag" WHERE "public"."Tag"."id" IN ($1,$2) OFFSET $3
 GET /admin/projects/6/edit [32m200[39m in 75ms[2m (compile: 20ms, proxy.ts: 5ms, render: 50ms)[22m
 [32m[1m✓[22m[39m Compiled in 228ms
 [32m[1m✓[22m[39m Compiled in 661ms
 [32m[1m✓[22m[39m Compiled in 60ms
 [32m[1m✓[22m[39m Compiled in 71ms
 [32m[1m✓[22m[39m Compiled in 51ms
[MIDDLEWARE] Session cookie found
[34mprisma:query[39m SELECT "public"."Tag"."id", "public"."Tag"."name", "public"."Tag"."slug", "public"."Tag"."category"::text, COALESCE("aggr_selection_0_ProjectTag"."_aggr_count_projects", 0) AS "_aggr_count_projects" FROM "public"."Tag" LEFT JOIN (SELECT "public"."ProjectTag"."tagId", COUNT(*) AS "_aggr_count_projects" FROM "public"."ProjectTag" WHERE 1=1 GROUP BY "public"."ProjectTag"."tagId") AS "aggr_selection_0_ProjectTag" ON ("public"."Tag"."id" = "aggr_selection_0_ProjectTag"."tagId") WHERE 1=1 ORDER BY "public"."Tag"."category" ASC, "public"."Tag"."name" ASC OFFSET $1
[34mprisma:query[39m SELECT "public"."Project"."id", "public"."Project"."title", "public"."Project"."slug", "public"."Project"."name", "public"."Project"."description", "public"."Project"."status"::text, "public"."Project"."featured", "public"."Project"."githubUrl", "public"."Project"."demoUrl", "public"."Project"."imageUrl", "public"."Project"."createdAt", "public"."Project"."updatedAt" FROM "public"."Project" WHERE ("public"."Project"."id" = $1 AND 1=1) LIMIT $2 OFFSET $3
[34mprisma:query[39m SELECT "public"."ProjectTag"."projectId", "public"."ProjectTag"."tagId" FROM "public"."ProjectTag" WHERE "public"."ProjectTag"."projectId" = $1 OFFSET $2
[34mprisma:query[39m SELECT "public"."Resource"."id", "public"."Resource"."projectId", "public"."Resource"."type"::text, "public"."Resource"."title", "public"."Resource"."description", "public"."Resource"."url", "public"."Resource"."content", "public"."Resource"."order", "public"."Resource"."createdAt" FROM "public"."Resource" WHERE "public"."Resource"."projectId" = $1 OFFSET $2
[34mprisma:query[39m SELECT "public"."Tag"."id", "public"."Tag"."name", "public"."Tag"."slug", "public"."Tag"."category"::text FROM "public"."Tag" WHERE "public"."Tag"."id" IN ($1,$2) OFFSET $3
 GET /admin/projects/6/edit [32m200[39m in 9.0s[2m (compile: 6.9s, proxy.ts: 6ms, render: 2.1s)[22m
[MIDDLEWARE] Session cookie found
[34mprisma:query[39m SELECT "public"."Tag"."id", "public"."Tag"."name", "public"."Tag"."slug", "public"."Tag"."category"::text, COALESCE("aggr_selection_0_ProjectTag"."_aggr_count_projects", 0) AS "_aggr_count_projects" FROM "public"."Tag" LEFT JOIN (SELECT "public"."ProjectTag"."tagId", COUNT(*) AS "_aggr_count_projects" FROM "public"."ProjectTag" WHERE 1=1 GROUP BY "public"."ProjectTag"."tagId") AS "aggr_selection_0_ProjectTag" ON ("public"."Tag"."id" = "aggr_selection_0_ProjectTag"."tagId") WHERE 1=1 ORDER BY "public"."Tag"."category" ASC, "public"."Tag"."name" ASC OFFSET $1
[34mprisma:query[39m SELECT "public"."Project"."id", "public"."Project"."title", "public"."Project"."slug", "public"."Project"."name", "public"."Project"."description", "public"."Project"."status"::text, "public"."Project"."featured", "public"."Project"."githubUrl", "public"."Project"."demoUrl", "public"."Project"."imageUrl", "public"."Project"."createdAt", "public"."Project"."updatedAt" FROM "public"."Project" WHERE ("public"."Project"."id" = $1 AND 1=1) LIMIT $2 OFFSET $3
[34mprisma:query[39m SELECT "public"."ProjectTag"."projectId", "public"."ProjectTag"."tagId" FROM "public"."ProjectTag" WHERE "public"."ProjectTag"."projectId" = $1 OFFSET $2
[34mprisma:query[39m SELECT "public"."Resource"."id", "public"."Resource"."projectId", "public"."Resource"."type"::text, "public"."Resource"."title", "public"."Resource"."description", "public"."Resource"."url", "public"."Resource"."content", "public"."Resource"."order", "public"."Resource"."createdAt" FROM "public"."Resource" WHERE "public"."Resource"."projectId" = $1 OFFSET $2
[34mprisma:query[39m SELECT "public"."Tag"."id", "public"."Tag"."name", "public"."Tag"."slug", "public"."Tag"."category"::text FROM "public"."Tag" WHERE "public"."Tag"."id" IN ($1,$2) OFFSET $3
 GET /admin/projects/6/edit [32m200[39m in 190ms[2m (compile: 19ms, proxy.ts: 6ms, render: 166ms)[22m
 [32m[1m✓[22m[39m Compiled in 26ms
[MIDDLEWARE] Session cookie found
[34mprisma:query[39m SELECT "public"."Project"."id", "public"."Project"."title", "public"."Project"."slug", "public"."Project"."name", "public"."Project"."description", "public"."Project"."status"::text, "public"."Project"."featured", "public"."Project"."githubUrl", "public"."Project"."demoUrl", "public"."Project"."imageUrl", "public"."Project"."createdAt", "public"."Project"."updatedAt" FROM "public"."Project" WHERE 1=1 ORDER BY "public"."Project"."createdAt" DESC OFFSET $1
[34mprisma:query[39m SELECT "public"."ProjectTag"."projectId", "public"."ProjectTag"."tagId" FROM "public"."ProjectTag" WHERE "public"."ProjectTag"."projectId" IN ($1,$2,$3,$4,$5,$6) OFFSET $7
[34mprisma:query[39m SELECT "public"."Tag"."id", "public"."Tag"."name", "public"."Tag"."slug", "public"."Tag"."category"::text FROM "public"."Tag" WHERE "public"."Tag"."id" IN ($1,$2,$3,$4,$5,$6,$7,$8,$9,$10,$11,$12,$13,$14,$15,$16,$17,$18,$19,$20,$21,$22,$23,$24) OFFSET $25
[34mprisma:query[39m SELECT "public"."Resource"."id", "public"."Resource"."projectId", "public"."Resource"."type"::text, "public"."Resource"."title", "public"."Resource"."description", "public"."Resource"."url", "public"."Resource"."content", "public"."Resource"."order", "public"."Resource"."createdAt" FROM "public"."Resource" WHERE "public"."Resource"."projectId" IN ($1,$2,$3,$4,$5,$6) OFFSET $7
 GET /admin/projects [32m200[39m in 260ms[2m (compile: 49ms, proxy.ts: 7ms, render: 205ms)[22m
[MIDDLEWARE] Session cookie found
[34mprisma:query[39m SELECT "public"."CvVersion"."id", "public"."CvVersion"."name", "public"."CvVersion"."content", "public"."CvVersion"."isPublic", "public"."CvVersion"."createdAt", "public"."CvVersion"."updatedAt" FROM "public"."CvVersion" WHERE 1=1 ORDER BY "public"."CvVersion"."updatedAt" DESC OFFSET $1
 GET /admin/cv [32m200[39m in 112ms[2m (compile: 53ms, proxy.ts: 4ms, render: 54ms)[22m
[MIDDLEWARE] Session cookie found
[34mprisma:query[39m SELECT "public"."Tag"."id", "public"."Tag"."name", "public"."Tag"."slug", "public"."Tag"."category"::text, COALESCE("aggr_selection_0_ProjectTag"."_aggr_count_projects", 0) AS "_aggr_count_projects" FROM "public"."Tag" LEFT JOIN (SELECT "public"."ProjectTag"."tagId", COUNT(*) AS "_aggr_count_projects" FROM "public"."ProjectTag" WHERE 1=1 GROUP BY "public"."ProjectTag"."tagId") AS "aggr_selection_0_ProjectTag" ON ("public"."Tag"."id" = "aggr_selection_0_ProjectTag"."tagId") WHERE 1=1 ORDER BY "public"."Tag"."category" ASC, "public"."Tag"."name" ASC OFFSET $1
 GET /admin/tags [32m200[39m in 172ms[2m (compile: 90ms, proxy.ts: 3ms, render: 79ms)[22m
[MIDDLEWARE] Session cookie found
[34mprisma:query[39m SELECT "public"."CvVersion"."id", "public"."CvVersion"."name", "public"."CvVersion"."content", "public"."CvVersion"."isPublic", "public"."CvVersion"."createdAt", "public"."CvVersion"."updatedAt" FROM "public"."CvVersion" WHERE 1=1 ORDER BY "public"."CvVersion"."updatedAt" DESC OFFSET $1
 GET /admin/cv [32m200[39m in 88ms[2m (compile: 8ms, proxy.ts: 7ms, render: 73ms)[22m
 [32m[1m✓[22m[39m Compiled in 43ms
[MIDDLEWARE] Session cookie found
 GET /admin/cv/1/edit [32m200[39m in 186ms[2m (compile: 120ms, proxy.ts: 8ms, render: 58ms)[22m
[34mprisma:query[39m SELECT "public"."CvVersion"."id", "public"."CvVersion"."name", "public"."CvVersion"."content", "public"."CvVersion"."isPublic", "public"."CvVersion"."createdAt", "public"."CvVersion"."updatedAt" FROM "public"."CvVersion" WHERE ("public"."CvVersion"."id" = $1 AND 1=1) LIMIT $2 OFFSET $3
 GET /api/cv/1 [32m200[39m in 61ms[2m (compile: 24ms, render: 36ms)[22m
[34mprisma:query[39m SELECT "public"."CvVersion"."id", "public"."CvVersion"."name", "public"."CvVersion"."content", "public"."CvVersion"."isPublic", "public"."CvVersion"."createdAt", "public"."CvVersion"."updatedAt" FROM "public"."CvVersion" WHERE ("public"."CvVersion"."id" = $1 AND 1=1) LIMIT $2 OFFSET $3
 GET /api/cv/1 [32m200[39m in 27ms[2m (compile: 8ms, render: 18ms)[22m
[34mprisma:query[39m SELECT "public"."Project"."id", "public"."Project"."title", "public"."Project"."slug", "public"."Project"."name", "public"."Project"."description", "public"."Project"."status"::text, "public"."Project"."featured", "public"."Project"."githubUrl", "public"."Project"."demoUrl", "public"."Project"."imageUrl", "public"."Project"."createdAt", "public"."Project"."updatedAt" FROM "public"."Project" WHERE "public"."Project"."featured" = $1 ORDER BY "public"."Project"."createdAt" DESC OFFSET $2
[34mprisma:query[39m SELECT "public"."ProjectTag"."projectId", "public"."ProjectTag"."tagId" FROM "public"."ProjectTag" WHERE "public"."ProjectTag"."projectId" IN ($1,$2,$3,$4) OFFSET $5
[34mprisma:query[39m SELECT "public"."Project"."id", "public"."Project"."title", "public"."Project"."slug", "public"."Project"."name", "public"."Project"."description", "public"."Project"."status"::text, "public"."Project"."featured", "public"."Project"."githubUrl", "public"."Project"."demoUrl", "public"."Project"."imageUrl", "public"."Project"."createdAt", "public"."Project"."updatedAt" FROM "public"."Project" WHERE 1=1 ORDER BY "public"."Project"."createdAt" DESC OFFSET $1
[34mprisma:query[39m SELECT "public"."ProjectTag"."projectId", "public"."ProjectTag"."tagId" FROM "public"."ProjectTag" WHERE "public"."ProjectTag"."projectId" IN ($1,$2,$3,$4,$5,$6) OFFSET $7
[34mprisma:query[39m SELECT "public"."Tag"."id", "public"."Tag"."name", "public"."Tag"."slug", "public"."Tag"."category"::text FROM "public"."Tag" WHERE "public"."Tag"."id" IN ($1,$2,$3,$4,$5,$6,$7,$8,$9,$10,$11,$12,$13,$14,$15,$16) OFFSET $17
[34mprisma:query[39m SELECT "public"."Tag"."id", "public"."Tag"."name", "public"."Tag"."slug", "public"."Tag"."category"::text FROM "public"."Tag" WHERE "public"."Tag"."id" IN ($1,$2,$3,$4,$5,$6,$7,$8,$9,$10,$11,$12,$13,$14,$15,$16,$17,$18,$19,$20,$21,$22,$23,$24) OFFSET $25
[34mprisma:query[39m SELECT "public"."Tag"."id", "public"."Tag"."name", "public"."Tag"."slug", "public"."Tag"."category"::text, COALESCE("aggr_selection_0_ProjectTag"."_aggr_count_projects", 0) AS "_aggr_count_projects" FROM "public"."Tag" LEFT JOIN (SELECT "public"."ProjectTag"."tagId", COUNT(*) AS "_aggr_count_projects" FROM "public"."ProjectTag" WHERE 1=1 GROUP BY "public"."ProjectTag"."tagId") AS "aggr_selection_0_ProjectTag" ON ("public"."Tag"."id" = "aggr_selection_0_ProjectTag"."tagId") WHERE 1=1 ORDER BY "public"."Tag"."category" ASC, "public"."Tag"."name" ASC OFFSET $1
[34mprisma:query[39m SELECT "public"."Resource"."id", "public"."Resource"."projectId", "public"."Resource"."type"::text, "public"."Resource"."title", "public"."Resource"."description", "public"."Resource"."url", "public"."Resource"."content", "public"."Resource"."order", "public"."Resource"."createdAt" FROM "public"."Resource" WHERE "public"."Resource"."projectId" IN ($1,$2,$3,$4,$5,$6) OFFSET $7
[34mprisma:query[39m SELECT "public"."Resource"."id", "public"."Resource"."projectId", "public"."Resource"."type"::text, "public"."Resource"."title", "public"."Resource"."description", "public"."Resource"."url", "public"."Resource"."content", "public"."Resource"."order", "public"."Resource"."createdAt" FROM "public"."Resource" WHERE "public"."Resource"."projectId" IN ($1,$2,$3,$4) OFFSET $5
 GET /admin [32m200[39m in 351ms[2m (compile: 48ms, render: 303ms)[22m
[MIDDLEWARE] Session cookie found
[34mprisma:query[39m SELECT "public"."Project"."id", "public"."Project"."title", "public"."Project"."slug", "public"."Project"."name", "public"."Project"."description", "public"."Project"."status"::text, "public"."Project"."featured", "public"."Project"."githubUrl", "public"."Project"."demoUrl", "public"."Project"."imageUrl", "public"."Project"."createdAt", "public"."Project"."updatedAt" FROM "public"."Project" WHERE 1=1 ORDER BY "public"."Project"."createdAt" DESC OFFSET $1
[34mprisma:query[39m SELECT "public"."Resource"."id", "public"."Resource"."projectId", "public"."Resource"."type"::text, "public"."Resource"."title", "public"."Resource"."description", "public"."Resource"."url", "public"."Resource"."content", "public"."Resource"."order", "public"."Resource"."createdAt" FROM "public"."Resource" WHERE "public"."Resource"."projectId" IN ($1,$2,$3,$4,$5,$6) OFFSET $7
[34mprisma:query[39m SELECT "public"."ProjectTag"."projectId", "public"."ProjectTag"."tagId" FROM "public"."ProjectTag" WHERE "public"."ProjectTag"."projectId" IN ($1,$2,$3,$4,$5,$6) OFFSET $7
[34mprisma:query[39m SELECT "public"."Tag"."id", "public"."Tag"."name", "public"."Tag"."slug", "public"."Tag"."category"::text FROM "public"."Tag" WHERE "public"."Tag"."id" IN ($1,$2,$3,$4,$5,$6,$7,$8,$9,$10,$11,$12,$13,$14,$15,$16,$17,$18,$19,$20,$21,$22,$23,$24) OFFSET $25
 GET /admin/projects [32m200[39m in 58ms[2m (compile: 4ms, proxy.ts: 4ms, render: 50ms)[22m
[MIDDLEWARE] Session cookie found
[34mprisma:query[39m SELECT "public"."Tag"."id", "public"."Tag"."name", "public"."Tag"."slug", "public"."Tag"."category"::text, COALESCE("aggr_selection_0_ProjectTag"."_aggr_count_projects", 0) AS "_aggr_count_projects" FROM "public"."Tag" LEFT JOIN (SELECT "public"."ProjectTag"."tagId", COUNT(*) AS "_aggr_count_projects" FROM "public"."ProjectTag" WHERE 1=1 GROUP BY "public"."ProjectTag"."tagId") AS "aggr_selection_0_ProjectTag" ON ("public"."Tag"."id" = "aggr_selection_0_ProjectTag"."tagId") WHERE 1=1 ORDER BY "public"."Tag"."category" ASC, "public"."Tag"."name" ASC OFFSET $1
[34mprisma:query[39m SELECT "public"."Project"."id", "public"."Project"."title", "public"."Project"."slug", "public"."Project"."name", "public"."Project"."description", "public"."Project"."status"::text, "public"."Project"."featured", "public"."Project"."githubUrl", "public"."Project"."demoUrl", "public"."Project"."imageUrl", "public"."Project"."createdAt", "public"."Project"."updatedAt" FROM "public"."Project" WHERE ("public"."Project"."id" = $1 AND 1=1) LIMIT $2 OFFSET $3
[34mprisma:query[39m SELECT "public"."Resource"."id", "public"."Resource"."projectId", "public"."Resource"."type"::text, "public"."Resource"."title", "public"."Resource"."description", "public"."Resource"."url", "public"."Resource"."content", "public"."Resource"."order", "public"."Resource"."createdAt" FROM "public"."Resource" WHERE "public"."Resource"."projectId" = $1 OFFSET $2
[34mprisma:query[39m SELECT "public"."ProjectTag"."projectId", "public"."ProjectTag"."tagId" FROM "public"."ProjectTag" WHERE "public"."ProjectTag"."projectId" = $1 OFFSET $2
[34mprisma:query[39m SELECT "public"."Tag"."id", "public"."Tag"."name", "public"."Tag"."slug", "public"."Tag"."category"::text FROM "public"."Tag" WHERE "public"."Tag"."id" IN ($1,$2,$3,$4,$5,$6) OFFSET $7
 GET /admin/projects/2/edit [32m200[39m in 363ms[2m (compile: 187ms, proxy.ts: 3ms, render: 172ms)[22m
 [32m[1m✓[22m[39m Compiled in 52ms
 [32m[1m✓[22m[39m Compiled in 55ms
 [32m[1m✓[22m[39m Compiled in 34ms
 [32m[1m✓[22m[39m Compiled in 103ms
 [32m[1m✓[22m[39m Compiled in 368ms
[MIDDLEWARE] Session cookie found
[34mprisma:query[39m SELECT "public"."CvVersion"."id", "public"."CvVersion"."name", "public"."CvVersion"."content", "public"."CvVersion"."isPublic", "public"."CvVersion"."createdAt", "public"."CvVersion"."updatedAt" FROM "public"."CvVersion" WHERE 1=1 ORDER BY "public"."CvVersion"."updatedAt" DESC OFFSET $1
 GET /admin/cv [32m200[39m in 314ms[2m (compile: 7ms, proxy.ts: 8ms, render: 299ms)[22m
[MIDDLEWARE] Session cookie found
 GET /admin/cv/1/edit [32m200[39m in 585ms[2m (compile: 396ms, proxy.ts: 6ms, render: 182ms)[22m
[34mprisma:query[39m SELECT "public"."CvVersion"."id", "public"."CvVersion"."name", "public"."CvVersion"."content", "public"."CvVersion"."isPublic", "public"."CvVersion"."createdAt", "public"."CvVersion"."updatedAt" FROM "public"."CvVersion" WHERE ("public"."CvVersion"."id" = $1 AND 1=1) LIMIT $2 OFFSET $3
 GET /api/cv/1 [32m200[39m in 43ms[2m (compile: 24ms, render: 19ms)[22m
[34mprisma:query[39m SELECT "public"."CvVersion"."id", "public"."CvVersion"."name", "public"."CvVersion"."content", "public"."CvVersion"."isPublic", "public"."CvVersion"."createdAt", "public"."CvVersion"."updatedAt" FROM "public"."CvVersion" WHERE ("public"."CvVersion"."id" = $1 AND 1=1) LIMIT $2 OFFSET $3
 GET /api/cv/1 [32m200[39m in 24ms[2m (compile: 7ms, render: 17ms)[22m
[34mprisma:query[39m SELECT "public"."Project"."id", "public"."Project"."title", "public"."Project"."slug", "public"."Project"."name", "public"."Project"."description", "public"."Project"."status"::text, "public"."Project"."featured", "public"."Project"."githubUrl", "public"."Project"."demoUrl", "public"."Project"."imageUrl", "public"."Project"."createdAt", "public"."Project"."updatedAt" FROM "public"."Project" WHERE 1=1 ORDER BY "public"."Project"."createdAt" DESC OFFSET $1
[34mprisma:query[39m SELECT "public"."ProjectTag"."projectId", "public"."ProjectTag"."tagId" FROM "public"."ProjectTag" WHERE "public"."ProjectTag"."projectId" IN ($1,$2,$3,$4,$5,$6) OFFSET $7
[34mprisma:query[39m SELECT "public"."Tag"."id", "public"."Tag"."name", "public"."Tag"."slug", "public"."Tag"."category"::text FROM "public"."Tag" WHERE "public"."Tag"."id" IN ($1,$2,$3,$4,$5,$6,$7,$8,$9,$10,$11,$12,$13,$14,$15,$16,$17,$18,$19,$20,$21,$22,$23,$24) OFFSET $25
[34mprisma:query[39m SELECT "public"."Project"."id", "public"."Project"."title", "public"."Project"."slug", "public"."Project"."name", "public"."Project"."description", "public"."Project"."status"::text, "public"."Project"."featured", "public"."Project"."githubUrl", "public"."Project"."demoUrl", "public"."Project"."imageUrl", "public"."Project"."createdAt", "public"."Project"."updatedAt" FROM "public"."Project" WHERE "public"."Project"."featured" = $1 ORDER BY "public"."Project"."createdAt" DESC OFFSET $2
[34mprisma:query[39m SELECT "public"."Tag"."id", "public"."Tag"."name", "public"."Tag"."slug", "public"."Tag"."category"::text, COALESCE("aggr_selection_0_ProjectTag"."_aggr_count_projects", 0) AS "_aggr_count_projects" FROM "public"."Tag" LEFT JOIN (SELECT "public"."ProjectTag"."tagId", COUNT(*) AS "_aggr_count_projects" FROM "public"."ProjectTag" WHERE 1=1 GROUP BY "public"."ProjectTag"."tagId") AS "aggr_selection_0_ProjectTag" ON ("public"."Tag"."id" = "aggr_selection_0_ProjectTag"."tagId") WHERE 1=1 ORDER BY "public"."Tag"."category" ASC, "public"."Tag"."name" ASC OFFSET $1
[34mprisma:query[39m SELECT "public"."ProjectTag"."projectId", "public"."ProjectTag"."tagId" FROM "public"."ProjectTag" WHERE "public"."ProjectTag"."projectId" IN ($1,$2,$3,$4) OFFSET $5
[34mprisma:query[39m SELECT "public"."Resource"."id", "public"."Resource"."projectId", "public"."Resource"."type"::text, "public"."Resource"."title", "public"."Resource"."description", "public"."Resource"."url", "public"."Resource"."content", "public"."Resource"."order", "public"."Resource"."createdAt" FROM "public"."Resource" WHERE "public"."Resource"."projectId" IN ($1,$2,$3,$4) OFFSET $5
[34mprisma:query[39m SELECT "public"."Tag"."id", "public"."Tag"."name", "public"."Tag"."slug", "public"."Tag"."category"::text FROM "public"."Tag" WHERE "public"."Tag"."id" IN ($1,$2,$3,$4,$5,$6,$7,$8,$9,$10,$11,$12,$13,$14,$15,$16) OFFSET $17
[34mprisma:query[39m SELECT "public"."Resource"."id", "public"."Resource"."projectId", "public"."Resource"."type"::text, "public"."Resource"."title", "public"."Resource"."description", "public"."Resource"."url", "public"."Resource"."content", "public"."Resource"."order", "public"."Resource"."createdAt" FROM "public"."Resource" WHERE "public"."Resource"."projectId" IN ($1,$2,$3,$4,$5,$6) OFFSET $7
 GET /admin [32m200[39m in 195ms[2m (compile: 6ms, render: 188ms)[22m
[MIDDLEWARE] Session cookie found
[34mprisma:query[39m SELECT "public"."Project"."id", "public"."Project"."title", "public"."Project"."slug", "public"."Project"."name", "public"."Project"."description", "public"."Project"."status"::text, "public"."Project"."featured", "public"."Project"."githubUrl", "public"."Project"."demoUrl", "public"."Project"."imageUrl", "public"."Project"."createdAt", "public"."Project"."updatedAt" FROM "public"."Project" WHERE 1=1 ORDER BY "public"."Project"."createdAt" DESC OFFSET $1
[34mprisma:query[39m SELECT "public"."ProjectTag"."projectId", "public"."ProjectTag"."tagId" FROM "public"."ProjectTag" WHERE "public"."ProjectTag"."projectId" IN ($1,$2,$3,$4,$5,$6) OFFSET $7
[34mprisma:query[39m SELECT "public"."Resource"."id", "public"."Resource"."projectId", "public"."Resource"."type"::text, "public"."Resource"."title", "public"."Resource"."description", "public"."Resource"."url", "public"."Resource"."content", "public"."Resource"."order", "public"."Resource"."createdAt" FROM "public"."Resource" WHERE "public"."Resource"."projectId" IN ($1,$2,$3,$4,$5,$6) OFFSET $7
[34mprisma:query[39m SELECT "public"."Tag"."id", "public"."Tag"."name", "public"."Tag"."slug", "public"."Tag"."category"::text FROM "public"."Tag" WHERE "public"."Tag"."id" IN ($1,$2,$3,$4,$5,$6,$7,$8,$9,$10,$11,$12,$13,$14,$15,$16,$17,$18,$19,$20,$21,$22,$23,$24) OFFSET $25
 GET /admin/projects [32m200[39m in 74ms[2m (compile: 5ms, proxy.ts: 4ms, render: 65ms)[22m
[MIDDLEWARE] Session cookie found
[34mprisma:query[39m SELECT "public"."Tag"."id", "public"."Tag"."name", "public"."Tag"."slug", "public"."Tag"."category"::text, COALESCE("aggr_selection_0_ProjectTag"."_aggr_count_projects", 0) AS "_aggr_count_projects" FROM "public"."Tag" LEFT JOIN (SELECT "public"."ProjectTag"."tagId", COUNT(*) AS "_aggr_count_projects" FROM "public"."ProjectTag" WHERE 1=1 GROUP BY "public"."ProjectTag"."tagId") AS "aggr_selection_0_ProjectTag" ON ("public"."Tag"."id" = "aggr_selection_0_ProjectTag"."tagId") WHERE 1=1 ORDER BY "public"."Tag"."category" ASC, "public"."Tag"."name" ASC OFFSET $1
[34mprisma:query[39m SELECT "public"."Project"."id", "public"."Project"."title", "public"."Project"."slug", "public"."Project"."name", "public"."Project"."description", "public"."Project"."status"::text, "public"."Project"."featured", "public"."Project"."githubUrl", "public"."Project"."demoUrl", "public"."Project"."imageUrl", "public"."Project"."createdAt", "public"."Project"."updatedAt" FROM "public"."Project" WHERE ("public"."Project"."id" = $1 AND 1=1) LIMIT $2 OFFSET $3
[34mprisma:query[39m SELECT "public"."ProjectTag"."projectId", "public"."ProjectTag"."tagId" FROM "public"."ProjectTag" WHERE "public"."ProjectTag"."projectId" = $1 OFFSET $2
[34mprisma:query[39m SELECT "public"."Resource"."id", "public"."Resource"."projectId", "public"."Resource"."type"::text, "public"."Resource"."title", "public"."Resource"."description", "public"."Resource"."url", "public"."Resource"."content", "public"."Resource"."order", "public"."Resource"."createdAt" FROM "public"."Resource" WHERE "public"."Resource"."projectId" = $1 OFFSET $2
[34mprisma:query[39m SELECT "public"."Tag"."id", "public"."Tag"."name", "public"."Tag"."slug", "public"."Tag"."category"::text FROM "public"."Tag" WHERE "public"."Tag"."id" IN ($1,$2) OFFSET $3
 GET /admin/projects/6/edit [32m200[39m in 336ms[2m (compile: 211ms, proxy.ts: 4ms, render: 121ms)[22m
[MIDDLEWARE] Session cookie found
[34mprisma:query[39m SELECT "public"."Tag"."id", "public"."Tag"."name", "public"."Tag"."slug", "public"."Tag"."category"::text, COALESCE("aggr_selection_0_ProjectTag"."_aggr_count_projects", 0) AS "_aggr_count_projects" FROM "public"."Tag" LEFT JOIN (SELECT "public"."ProjectTag"."tagId", COUNT(*) AS "_aggr_count_projects" FROM "public"."ProjectTag" WHERE 1=1 GROUP BY "public"."ProjectTag"."tagId") AS "aggr_selection_0_ProjectTag" ON ("public"."Tag"."id" = "aggr_selection_0_ProjectTag"."tagId") WHERE 1=1 ORDER BY "public"."Tag"."category" ASC, "public"."Tag"."name" ASC OFFSET $1
 GET /admin/tags [32m200[39m in 45ms[2m (compile: 5ms, proxy.ts: 4ms, render: 35ms)[22m
[MIDDLEWARE] Session cookie found
[34mprisma:query[39m SELECT "public"."Project"."id", "public"."Project"."title", "public"."Project"."slug", "public"."Project"."name", "public"."Project"."description", "public"."Project"."status"::text, "public"."Project"."featured", "public"."Project"."githubUrl", "public"."Project"."demoUrl", "public"."Project"."imageUrl", "public"."Project"."createdAt", "public"."Project"."updatedAt" FROM "public"."Project" WHERE 1=1 ORDER BY "public"."Project"."createdAt" DESC OFFSET $1
[34mprisma:query[39m SELECT "public"."ProjectTag"."projectId", "public"."ProjectTag"."tagId" FROM "public"."ProjectTag" WHERE "public"."ProjectTag"."projectId" IN ($1,$2,$3,$4,$5,$6) OFFSET $7
[34mprisma:query[39m SELECT "public"."Tag"."id", "public"."Tag"."name", "public"."Tag"."slug", "public"."Tag"."category"::text FROM "public"."Tag" WHERE "public"."Tag"."id" IN ($1,$2,$3,$4,$5,$6,$7,$8,$9,$10,$11,$12,$13,$14,$15,$16,$17,$18,$19,$20,$21,$22,$23,$24) OFFSET $25
[34mprisma:query[39m SELECT "public"."Resource"."id", "public"."Resource"."projectId", "public"."Resource"."type"::text, "public"."Resource"."title", "public"."Resource"."description", "public"."Resource"."url", "public"."Resource"."content", "public"."Resource"."order", "public"."Resource"."createdAt" FROM "public"."Resource" WHERE "public"."Resource"."projectId" IN ($1,$2,$3,$4,$5,$6) OFFSET $7
 GET /admin/projects [32m200[39m in 130ms[2m (compile: 5ms, proxy.ts: 5ms, render: 121ms)[22m
[MIDDLEWARE] Session cookie found
[34mprisma:query[39m SELECT "public"."CvVersion"."id", "public"."CvVersion"."name", "public"."CvVersion"."content", "public"."CvVersion"."isPublic", "public"."CvVersion"."createdAt", "public"."CvVersion"."updatedAt" FROM "public"."CvVersion" WHERE 1=1 ORDER BY "public"."CvVersion"."updatedAt" DESC OFFSET $1
 GET /admin/cv [32m200[39m in 77ms[2m (compile: 5ms, proxy.ts: 5ms, render: 67ms)[22m
[34mprisma:query[39m SELECT "public"."CvVersion"."id", "public"."CvVersion"."name", "public"."CvVersion"."content", "public"."CvVersion"."isPublic", "public"."CvVersion"."createdAt", "public"."CvVersion"."updatedAt" FROM "public"."CvVersion" WHERE ("public"."CvVersion"."id" = $1 AND 1=1) LIMIT $2 OFFSET $3
 GET /api/cv/1/export [32m200[39m in 1597ms[2m (compile: 1585ms, render: 11ms)[22m
[MIDDLEWARE] Session cookie found
[34mprisma:query[39m SELECT "public"."Project"."id", "public"."Project"."title", "public"."Project"."slug", "public"."Project"."name", "public"."Project"."description", "public"."Project"."status"::text, "public"."Project"."featured", "public"."Project"."githubUrl", "public"."Project"."demoUrl", "public"."Project"."imageUrl", "public"."Project"."createdAt", "public"."Project"."updatedAt" FROM "public"."Project" WHERE 1=1 ORDER BY "public"."Project"."createdAt" DESC OFFSET $1
[34mprisma:query[39m SELECT "public"."ProjectTag"."projectId", "public"."ProjectTag"."tagId" FROM "public"."ProjectTag" WHERE "public"."ProjectTag"."projectId" IN ($1,$2,$3,$4,$5,$6) OFFSET $7
[34mprisma:query[39m SELECT "public"."Tag"."id", "public"."Tag"."name", "public"."Tag"."slug", "public"."Tag"."category"::text FROM "public"."Tag" WHERE "public"."Tag"."id" IN ($1,$2,$3,$4,$5,$6,$7,$8,$9,$10,$11,$12,$13,$14,$15,$16,$17,$18,$19,$20,$21,$22,$23,$24) OFFSET $25
[34mprisma:query[39m SELECT "public"."Resource"."id", "public"."Resource"."projectId", "public"."Resource"."type"::text, "public"."Resource"."title", "public"."Resource"."description", "public"."Resource"."url", "public"."Resource"."content", "public"."Resource"."order", "public"."Resource"."createdAt" FROM "public"."Resource" WHERE "public"."Resource"."projectId" IN ($1,$2,$3,$4,$5,$6) OFFSET $7
 GET /admin/projects [32m200[39m in 129ms[2m (compile: 5ms, proxy.ts: 4ms, render: 120ms)[22m
[MIDDLEWARE] Session cookie found
[34mprisma:query[39m SELECT "public"."Project"."id", "public"."Project"."title", "public"."Project"."slug", "public"."Project"."name", "public"."Project"."description", "public"."Project"."status"::text, "public"."Project"."featured", "public"."Project"."githubUrl", "public"."Project"."demoUrl", "public"."Project"."imageUrl", "public"."Project"."createdAt", "public"."Project"."updatedAt" FROM "public"."Project" WHERE ("public"."Project"."id" = $1 AND 1=1) LIMIT $2 OFFSET $3
[34mprisma:query[39m SELECT "public"."ProjectTag"."projectId", "public"."ProjectTag"."tagId" FROM "public"."ProjectTag" WHERE "public"."ProjectTag"."projectId" = $1 OFFSET $2
[34mprisma:query[39m SELECT "public"."Tag"."id", "public"."Tag"."name", "public"."Tag"."slug", "public"."Tag"."category"::text, COALESCE("aggr_selection_0_ProjectTag"."_aggr_count_projects", 0) AS "_aggr_count_projects" FROM "public"."Tag" LEFT JOIN (SELECT "public"."ProjectTag"."tagId", COUNT(*) AS "_aggr_count_projects" FROM "public"."ProjectTag" WHERE 1=1 GROUP BY "public"."ProjectTag"."tagId") AS "aggr_selection_0_ProjectTag" ON ("public"."Tag"."id" = "aggr_selection_0_ProjectTag"."tagId") WHERE 1=1 ORDER BY "public"."Tag"."category" ASC, "public"."Tag"."name" ASC OFFSET $1
[34mprisma:query[39m SELECT "public"."Tag"."id", "public"."Tag"."name", "public"."Tag"."slug", "public"."Tag"."category"::text FROM "public"."Tag" WHERE "public"."Tag"."id" IN ($1,$2) OFFSET $3
[34mprisma:query[39m SELECT "public"."Resource"."id", "public"."Resource"."projectId", "public"."Resource"."type"::text, "public"."Resource"."title", "public"."Resource"."description", "public"."Resource"."url", "public"."Resource"."content", "public"."Resource"."order", "public"."Resource"."createdAt" FROM "public"."Resource" WHERE "public"."Resource"."projectId" = $1 OFFSET $2
 GET /admin/projects/6/edit [32m200[39m in 98ms[2m (compile: 16ms, proxy.ts: 3ms, render: 78ms)[22m
[34mprisma:query[39m SELECT "public"."Tag"."id", "public"."Tag"."name", "public"."Tag"."slug", "public"."Tag"."category"::text, COALESCE("aggr_selection_0_ProjectTag"."_aggr_count_projects", 0) AS "_aggr_count_projects" FROM "public"."Tag" LEFT JOIN (SELECT "public"."ProjectTag"."tagId", COUNT(*) AS "_aggr_count_projects" FROM "public"."ProjectTag" WHERE 1=1 GROUP BY "public"."ProjectTag"."tagId") AS "aggr_selection_0_ProjectTag" ON ("public"."Tag"."id" = "aggr_selection_0_ProjectTag"."tagId") WHERE 1=1 ORDER BY "public"."Tag"."category" ASC, "public"."Tag"."name" ASC OFFSET $1
[34mprisma:query[39m SELECT "public"."Project"."id", "public"."Project"."title", "public"."Project"."slug", "public"."Project"."name", "public"."Project"."description", "public"."Project"."status"::text, "public"."Project"."featured", "public"."Project"."githubUrl", "public"."Project"."demoUrl", "public"."Project"."imageUrl", "public"."Project"."createdAt", "public"."Project"."updatedAt" FROM "public"."Project" WHERE 1=1 ORDER BY "public"."Project"."createdAt" DESC OFFSET $1
[34mprisma:query[39m SELECT "public"."ProjectTag"."projectId", "public"."ProjectTag"."tagId" FROM "public"."ProjectTag" WHERE "public"."ProjectTag"."projectId" IN ($1,$2,$3,$4,$5,$6) OFFSET $7
[34mprisma:query[39m SELECT "public"."Tag"."id", "public"."Tag"."name", "public"."Tag"."slug", "public"."Tag"."category"::text FROM "public"."Tag" WHERE "public"."Tag"."id" IN ($1,$2,$3,$4,$5,$6,$7,$8,$9,$10,$11,$12,$13,$14,$15,$16,$17,$18,$19,$20,$21,$22,$23,$24) OFFSET $25
[34mprisma:query[39m SELECT "public"."Resource"."id", "public"."Resource"."projectId", "public"."Resource"."type"::text, "public"."Resource"."title", "public"."Resource"."description", "public"."Resource"."url", "public"."Resource"."content", "public"."Resource"."order", "public"."Resource"."createdAt" FROM "public"."Resource" WHERE "public"."Resource"."projectId" IN ($1,$2,$3,$4,$5,$6) OFFSET $7
 GET /projects [32m200[39m in 1566ms[2m (compile: 1387ms, render: 179ms)[22m
[34mprisma:query[39m SELECT "public"."Project"."id", "public"."Project"."title", "public"."Project"."slug", "public"."Project"."name", "public"."Project"."description", "public"."Project"."status"::text, "public"."Project"."featured", "public"."Project"."githubUrl", "public"."Project"."demoUrl", "public"."Project"."imageUrl", "public"."Project"."createdAt", "public"."Project"."updatedAt" FROM "public"."Project" WHERE 1=1 ORDER BY "public"."Project"."createdAt" DESC OFFSET $1
[34mprisma:query[39m SELECT "public"."ProjectTag"."projectId", "public"."ProjectTag"."tagId" FROM "public"."ProjectTag" WHERE "public"."ProjectTag"."projectId" IN ($1,$2,$3,$4,$5,$6) OFFSET $7
[34mprisma:query[39m SELECT "public"."Tag"."id", "public"."Tag"."name", "public"."Tag"."slug", "public"."Tag"."category"::text FROM "public"."Tag" WHERE "public"."Tag"."id" IN ($1,$2,$3,$4,$5,$6,$7,$8,$9,$10,$11,$12,$13,$14,$15,$16,$17,$18,$19,$20,$21,$22,$23,$24) OFFSET $25
[34mprisma:query[39m SELECT "public"."Resource"."id", "public"."Resource"."projectId", "public"."Resource"."type"::text, "public"."Resource"."title", "public"."Resource"."description", "public"."Resource"."url", "public"."Resource"."content", "public"."Resource"."order", "public"."Resource"."createdAt" FROM "public"."Resource" WHERE "public"."Resource"."projectId" IN ($1,$2,$3,$4,$5,$6) OFFSET $7
[34mprisma:query[39m SELECT "public"."Project"."id", "public"."Project"."title", "public"."Project"."slug", "public"."Project"."name", "public"."Project"."description", "public"."Project"."status"::text, "public"."Project"."featured", "public"."Project"."githubUrl", "public"."Project"."demoUrl", "public"."Project"."imageUrl", "public"."Project"."createdAt", "public"."Project"."updatedAt" FROM "public"."Project" WHERE "public"."Project"."slug" IN ($1,$2) OFFSET $3
[34mprisma:query[39m SELECT "public"."ProjectTag"."projectId", "public"."ProjectTag"."tagId" FROM "public"."ProjectTag" WHERE "public"."ProjectTag"."projectId" IN ($1) OFFSET $2
[34mprisma:query[39m SELECT "public"."Tag"."id", "public"."Tag"."name", "public"."Tag"."slug", "public"."Tag"."category"::text FROM "public"."Tag" WHERE "public"."Tag"."id" IN ($1,$2,$3,$4,$5,$6) OFFSET $7
[34mprisma:query[39m SELECT "public"."Project"."id", "public"."Project"."title", "public"."Project"."slug", "public"."Project"."name", "public"."Project"."description", "public"."Project"."status"::text, "public"."Project"."featured", "public"."Project"."githubUrl", "public"."Project"."demoUrl", "public"."Project"."imageUrl", "public"."Project"."createdAt", "public"."Project"."updatedAt" FROM "public"."Project" WHERE "public"."Project"."slug" IN ($1,$2) OFFSET $3
[34mprisma:query[39m SELECT "public"."ProjectTag"."projectId", "public"."ProjectTag"."tagId" FROM "public"."ProjectTag" WHERE "public"."ProjectTag"."projectId" IN ($1) OFFSET $2
[34mprisma:query[39m SELECT "public"."Resource"."id", "public"."Resource"."projectId", "public"."Resource"."type"::text, "public"."Resource"."title", "public"."Resource"."description", "public"."Resource"."url", "public"."Resource"."content", "public"."Resource"."order", "public"."Resource"."createdAt" FROM "public"."Resource" WHERE "public"."Resource"."projectId" IN ($1) OFFSET $2
[34mprisma:query[39m SELECT "public"."Tag"."id", "public"."Tag"."name", "public"."Tag"."slug", "public"."Tag"."category"::text FROM "public"."Tag" WHERE "public"."Tag"."id" IN ($1,$2,$3,$4,$5,$6) OFFSET $7
[34mprisma:query[39m SELECT "public"."Resource"."id", "public"."Resource"."projectId", "public"."Resource"."type"::text, "public"."Resource"."title", "public"."Resource"."description", "public"."Resource"."url", "public"."Resource"."content", "public"."Resource"."order", "public"."Resource"."createdAt" FROM "public"."Resource" WHERE "public"."Resource"."projectId" IN ($1) OFFSET $2
 GET /projects/realtime-collab-tool [32m200[39m in 228ms[2m (compile: 19ms, render: 209ms)[22m
 GET /projects/realtime-collab-tool [32m200[39m in 3.1s[2m (compile: 2.7s, render: 368ms)[22m
[34mprisma:query[39m SELECT "public"."Project"."id", "public"."Project"."title", "public"."Project"."slug", "public"."Project"."name", "public"."Project"."description", "public"."Project"."status"::text, "public"."Project"."featured", "public"."Project"."githubUrl", "public"."Project"."demoUrl", "public"."Project"."imageUrl", "public"."Project"."createdAt", "public"."Project"."updatedAt" FROM "public"."Project" WHERE 1=1 ORDER BY "public"."Project"."createdAt" DESC OFFSET $1
[34mprisma:query[39m SELECT "public"."ProjectTag"."projectId", "public"."ProjectTag"."tagId" FROM "public"."ProjectTag" WHERE "public"."ProjectTag"."projectId" IN ($1,$2,$3,$4,$5,$6) OFFSET $7
[34mprisma:query[39m SELECT "public"."Tag"."id", "public"."Tag"."name", "public"."Tag"."slug", "public"."Tag"."category"::text FROM "public"."Tag" WHERE "public"."Tag"."id" IN ($1,$2,$3,$4,$5,$6,$7,$8,$9,$10,$11,$12,$13,$14,$15,$16,$17,$18,$19,$20,$21,$22,$23,$24) OFFSET $25
[34mprisma:query[39m SELECT "public"."Resource"."id", "public"."Resource"."projectId", "public"."Resource"."type"::text, "public"."Resource"."title", "public"."Resource"."description", "public"."Resource"."url", "public"."Resource"."content", "public"."Resource"."order", "public"."Resource"."createdAt" FROM "public"."Resource" WHERE "public"."Resource"."projectId" IN ($1,$2,$3,$4,$5,$6) OFFSET $7
[34mprisma:query[39m SELECT "public"."Project"."id", "public"."Project"."title", "public"."Project"."slug", "public"."Project"."name", "public"."Project"."description", "public"."Project"."status"::text, "public"."Project"."featured", "public"."Project"."githubUrl", "public"."Project"."demoUrl", "public"."Project"."imageUrl", "public"."Project"."createdAt", "public"."Project"."updatedAt" FROM "public"."Project" WHERE "public"."Project"."slug" IN ($1,$2) OFFSET $3
[34mprisma:query[39m SELECT "public"."ProjectTag"."projectId", "public"."ProjectTag"."tagId" FROM "public"."ProjectTag" WHERE "public"."ProjectTag"."projectId" IN ($1) OFFSET $2
[34mprisma:query[39m SELECT "public"."Resource"."id", "public"."Resource"."projectId", "public"."Resource"."type"::text, "public"."Resource"."title", "public"."Resource"."description", "public"."Resource"."url", "public"."Resource"."content", "public"."Resource"."order", "public"."Resource"."createdAt" FROM "public"."Resource" WHERE "public"."Resource"."projectId" IN ($1) OFFSET $2
[34mprisma:query[39m SELECT "public"."Tag"."id", "public"."Tag"."name", "public"."Tag"."slug", "public"."Tag"."category"::text FROM "public"."Tag" WHERE "public"."Tag"."id" IN ($1,$2) OFFSET $3
 GET /projects/image-processing-pipeline [32m200[39m in 81ms[2m (compile: 12ms, render: 69ms)[22m
[34mprisma:query[39m SELECT "public"."Project"."id", "public"."Project"."title", "public"."Project"."slug", "public"."Project"."name", "public"."Project"."description", "public"."Project"."status"::text, "public"."Project"."featured", "public"."Project"."githubUrl", "public"."Project"."demoUrl", "public"."Project"."imageUrl", "public"."Project"."createdAt", "public"."Project"."updatedAt" FROM "public"."Project" WHERE 1=1 ORDER BY "public"."Project"."createdAt" DESC OFFSET $1
[34mprisma:query[39m SELECT "public"."ProjectTag"."projectId", "public"."ProjectTag"."tagId" FROM "public"."ProjectTag" WHERE "public"."ProjectTag"."projectId" IN ($1,$2,$3,$4,$5,$6) OFFSET $7
[34mprisma:query[39m SELECT "public"."Tag"."id", "public"."Tag"."name", "public"."Tag"."slug", "public"."Tag"."category"::text FROM "public"."Tag" WHERE "public"."Tag"."id" IN ($1,$2,$3,$4,$5,$6,$7,$8,$9,$10,$11,$12,$13,$14,$15,$16,$17,$18,$19,$20,$21,$22,$23,$24) OFFSET $25
[34mprisma:query[39m SELECT "public"."Resource"."id", "public"."Resource"."projectId", "public"."Resource"."type"::text, "public"."Resource"."title", "public"."Resource"."description", "public"."Resource"."url", "public"."Resource"."content", "public"."Resource"."order", "public"."Resource"."createdAt" FROM "public"."Resource" WHERE "public"."Resource"."projectId" IN ($1,$2,$3,$4,$5,$6) OFFSET $7
 [32m[1m✓[22m[39m Compiled in 52ms
[34mprisma:query[39m SELECT "public"."Project"."id", "public"."Project"."title", "public"."Project"."slug", "public"."Project"."name", "public"."Project"."description", "public"."Project"."status"::text, "public"."Project"."featured", "public"."Project"."githubUrl", "public"."Project"."demoUrl", "public"."Project"."imageUrl", "public"."Project"."createdAt", "public"."Project"."updatedAt" FROM "public"."Project" WHERE 1=1 ORDER BY "public"."Project"."createdAt" DESC OFFSET $1
[34mprisma:query[39m SELECT "public"."Project"."id", "public"."Project"."title", "public"."Project"."slug", "public"."Project"."name", "public"."Project"."description", "public"."Project"."status"::text, "public"."Project"."featured", "public"."Project"."githubUrl", "public"."Project"."demoUrl", "public"."Project"."imageUrl", "public"."Project"."createdAt", "public"."Project"."updatedAt" FROM "public"."Project" WHERE "public"."Project"."featured" = $1 ORDER BY "public"."Project"."createdAt" DESC OFFSET $2
[34mprisma:query[39m SELECT "public"."Tag"."id", "public"."Tag"."name", "public"."Tag"."slug", "public"."Tag"."category"::text, COALESCE("aggr_selection_0_ProjectTag"."_aggr_count_projects", 0) AS "_aggr_count_projects" FROM "public"."Tag" LEFT JOIN (SELECT "public"."ProjectTag"."tagId", COUNT(*) AS "_aggr_count_projects" FROM "public"."ProjectTag" WHERE 1=1 GROUP BY "public"."ProjectTag"."tagId") AS "aggr_selection_0_ProjectTag" ON ("public"."Tag"."id" = "aggr_selection_0_ProjectTag"."tagId") WHERE 1=1 ORDER BY "public"."Tag"."category" ASC, "public"."Tag"."name" ASC OFFSET $1
[34mprisma:query[39m SELECT "public"."ProjectTag"."projectId", "public"."ProjectTag"."tagId" FROM "public"."ProjectTag" WHERE "public"."ProjectTag"."projectId" IN ($1,$2,$3,$4,$5,$6) OFFSET $7
[34mprisma:query[39m SELECT "public"."ProjectTag"."projectId", "public"."ProjectTag"."tagId" FROM "public"."ProjectTag" WHERE "public"."ProjectTag"."projectId" IN ($1,$2,$3,$4) OFFSET $5
[34mprisma:query[39m SELECT "public"."Tag"."id", "public"."Tag"."name", "public"."Tag"."slug", "public"."Tag"."category"::text FROM "public"."Tag" WHERE "public"."Tag"."id" IN ($1,$2,$3,$4,$5,$6,$7,$8,$9,$10,$11,$12,$13,$14,$15,$16,$17,$18,$19,$20,$21,$22,$23,$24) OFFSET $25
[34mprisma:query[39m SELECT "public"."Tag"."id", "public"."Tag"."name", "public"."Tag"."slug", "public"."Tag"."category"::text FROM "public"."Tag" WHERE "public"."Tag"."id" IN ($1,$2,$3,$4,$5,$6,$7,$8,$9,$10,$11,$12,$13,$14,$15,$16) OFFSET $17
[34mprisma:query[39m SELECT "public"."Resource"."id", "public"."Resource"."projectId", "public"."Resource"."type"::text, "public"."Resource"."title", "public"."Resource"."description", "public"."Resource"."url", "public"."Resource"."content", "public"."Resource"."order", "public"."Resource"."createdAt" FROM "public"."Resource" WHERE "public"."Resource"."projectId" IN ($1,$2,$3,$4) OFFSET $5
[34mprisma:query[39m SELECT "public"."Resource"."id", "public"."Resource"."projectId", "public"."Resource"."type"::text, "public"."Resource"."title", "public"."Resource"."description", "public"."Resource"."url", "public"."Resource"."content", "public"."Resource"."order", "public"."Resource"."createdAt" FROM "public"."Resource" WHERE "public"."Resource"."projectId" IN ($1,$2,$3,$4,$5,$6) OFFSET $7
 GET /admin [32m200[39m in 232ms[2m (compile: 4ms, render: 229ms)[22m
[MIDDLEWARE] Session cookie found
[34mprisma:query[39m SELECT "public"."Project"."id", "public"."Project"."title", "public"."Project"."slug", "public"."Project"."name", "public"."Project"."description", "public"."Project"."status"::text, "public"."Project"."featured", "public"."Project"."githubUrl", "public"."Project"."demoUrl", "public"."Project"."imageUrl", "public"."Project"."createdAt", "public"."Project"."updatedAt" FROM "public"."Project" WHERE 1=1 ORDER BY "public"."Project"."createdAt" DESC OFFSET $1
[34mprisma:query[39m SELECT "public"."Resource"."id", "public"."Resource"."projectId", "public"."Resource"."type"::text, "public"."Resource"."title", "public"."Resource"."description", "public"."Resource"."url", "public"."Resource"."content", "public"."Resource"."order", "public"."Resource"."createdAt" FROM "public"."Resource" WHERE "public"."Resource"."projectId" IN ($1,$2,$3,$4,$5,$6) OFFSET $7
[34mprisma:query[39m SELECT "public"."ProjectTag"."projectId", "public"."ProjectTag"."tagId" FROM "public"."ProjectTag" WHERE "public"."ProjectTag"."projectId" IN ($1,$2,$3,$4,$5,$6) OFFSET $7
[34mprisma:query[39m SELECT "public"."Tag"."id", "public"."Tag"."name", "public"."Tag"."slug", "public"."Tag"."category"::text FROM "public"."Tag" WHERE "public"."Tag"."id" IN ($1,$2,$3,$4,$5,$6,$7,$8,$9,$10,$11,$12,$13,$14,$15,$16,$17,$18,$19,$20,$21,$22,$23,$24) OFFSET $25
 GET /admin/projects [32m200[39m in 58ms[2m (compile: 4ms, proxy.ts: 4ms, render: 51ms)[22m
[MIDDLEWARE] Session cookie found
[34mprisma:query[39m SELECT "public"."Tag"."id", "public"."Tag"."name", "public"."Tag"."slug", "public"."Tag"."category"::text, COALESCE("aggr_selection_0_ProjectTag"."_aggr_count_projects", 0) AS "_aggr_count_projects" FROM "public"."Tag" LEFT JOIN (SELECT "public"."ProjectTag"."tagId", COUNT(*) AS "_aggr_count_projects" FROM "public"."ProjectTag" WHERE 1=1 GROUP BY "public"."ProjectTag"."tagId") AS "aggr_selection_0_ProjectTag" ON ("public"."Tag"."id" = "aggr_selection_0_ProjectTag"."tagId") WHERE 1=1 ORDER BY "public"."Tag"."category" ASC, "public"."Tag"."name" ASC OFFSET $1
[34mprisma:query[39m SELECT "public"."Project"."id", "public"."Project"."title", "public"."Project"."slug", "public"."Project"."name", "public"."Project"."description", "public"."Project"."status"::text, "public"."Project"."featured", "public"."Project"."githubUrl", "public"."Project"."demoUrl", "public"."Project"."imageUrl", "public"."Project"."createdAt", "public"."Project"."updatedAt" FROM "public"."Project" WHERE ("public"."Project"."id" = $1 AND 1=1) LIMIT $2 OFFSET $3
[34mprisma:query[39m SELECT "public"."Resource"."id", "public"."Resource"."projectId", "public"."Resource"."type"::text, "public"."Resource"."title", "public"."Resource"."description", "public"."Resource"."url", "public"."Resource"."content", "public"."Resource"."order", "public"."Resource"."createdAt" FROM "public"."Resource" WHERE "public"."Resource"."projectId" = $1 OFFSET $2
[34mprisma:query[39m SELECT "public"."ProjectTag"."projectId", "public"."ProjectTag"."tagId" FROM "public"."ProjectTag" WHERE "public"."ProjectTag"."projectId" = $1 OFFSET $2
[34mprisma:query[39m SELECT "public"."Tag"."id", "public"."Tag"."name", "public"."Tag"."slug", "public"."Tag"."category"::text FROM "public"."Tag" WHERE "public"."Tag"."id" IN ($1,$2) OFFSET $3
 GET /admin/projects/6/edit [32m200[39m in 300ms[2m (compile: 180ms, proxy.ts: 3ms, render: 117ms)[22m
[34mprisma:query[39m SELECT "public"."Project"."id", "public"."Project"."title", "public"."Project"."slug", "public"."Project"."name", "public"."Project"."description", "public"."Project"."status"::text, "public"."Project"."featured", "public"."Project"."githubUrl", "public"."Project"."demoUrl", "public"."Project"."imageUrl", "public"."Project"."createdAt", "public"."Project"."updatedAt" FROM "public"."Project" WHERE "public"."Project"."featured" = $1 ORDER BY "public"."Project"."createdAt" DESC OFFSET $2
[34mprisma:query[39m SELECT "public"."ProjectTag"."projectId", "public"."ProjectTag"."tagId" FROM "public"."ProjectTag" WHERE "public"."ProjectTag"."projectId" IN ($1,$2,$3,$4) OFFSET $5
[34mprisma:query[39m SELECT "public"."Tag"."id", "public"."Tag"."name", "public"."Tag"."slug", "public"."Tag"."category"::text FROM "public"."Tag" WHERE "public"."Tag"."id" IN ($1,$2,$3,$4,$5,$6,$7,$8,$9,$10,$11,$12,$13,$14,$15,$16) OFFSET $17
[34mprisma:query[39m SELECT "public"."Resource"."id", "public"."Resource"."projectId", "public"."Resource"."type"::text, "public"."Resource"."title", "public"."Resource"."description", "public"."Resource"."url", "public"."Resource"."content", "public"."Resource"."order", "public"."Resource"."createdAt" FROM "public"."Resource" WHERE "public"."Resource"."projectId" IN ($1,$2,$3,$4) OFFSET $5
 GET / [32m200[39m in 852ms[2m (compile: 712ms, render: 140ms)[22m
[34mprisma:query[39m SELECT "public"."Project"."id", "public"."Project"."title", "public"."Project"."slug", "public"."Project"."name", "public"."Project"."description", "public"."Project"."status"::text, "public"."Project"."featured", "public"."Project"."githubUrl", "public"."Project"."demoUrl", "public"."Project"."imageUrl", "public"."Project"."createdAt", "public"."Project"."updatedAt" FROM "public"."Project" WHERE "public"."Project"."featured" = $1 ORDER BY "public"."Project"."createdAt" DESC OFFSET $2
[34mprisma:query[39m SELECT "public"."ProjectTag"."projectId", "public"."ProjectTag"."tagId" FROM "public"."ProjectTag" WHERE "public"."ProjectTag"."projectId" IN ($1,$2,$3,$4) OFFSET $5
[34mprisma:query[39m SELECT "public"."Tag"."id", "public"."Tag"."name", "public"."Tag"."slug", "public"."Tag"."category"::text FROM "public"."Tag" WHERE "public"."Tag"."id" IN ($1,$2,$3,$4,$5,$6,$7,$8,$9,$10,$11,$12,$13,$14,$15,$16) OFFSET $17
[34mprisma:query[39m SELECT "public"."Resource"."id", "public"."Resource"."projectId", "public"."Resource"."type"::text, "public"."Resource"."title", "public"."Resource"."description", "public"."Resource"."url", "public"."Resource"."content", "public"."Resource"."order", "public"."Resource"."createdAt" FROM "public"."Resource" WHERE "public"."Resource"."projectId" IN ($1,$2,$3,$4) OFFSET $5
 GET / [32m200[39m in 1099ms[2m (compile: 96ms, render: 1003ms)[22m
[34mprisma:query[39m SELECT "public"."Tag"."id", "public"."Tag"."name", "public"."Tag"."slug", "public"."Tag"."category"::text, COALESCE("aggr_selection_0_ProjectTag"."_aggr_count_projects", 0) AS "_aggr_count_projects" FROM "public"."Tag" LEFT JOIN (SELECT "public"."ProjectTag"."tagId", COUNT(*) AS "_aggr_count_projects" FROM "public"."ProjectTag" WHERE 1=1 GROUP BY "public"."ProjectTag"."tagId") AS "aggr_selection_0_ProjectTag" ON ("public"."Tag"."id" = "aggr_selection_0_ProjectTag"."tagId") WHERE 1=1 ORDER BY "public"."Tag"."category" ASC, "public"."Tag"."name" ASC OFFSET $1
[34mprisma:query[39m SELECT "public"."Project"."id", "public"."Project"."title", "public"."Project"."slug", "public"."Project"."name", "public"."Project"."description", "public"."Project"."status"::text, "public"."Project"."featured", "public"."Project"."githubUrl", "public"."Project"."demoUrl", "public"."Project"."imageUrl", "public"."Project"."createdAt", "public"."Project"."updatedAt" FROM "public"."Project" WHERE 1=1 ORDER BY "public"."Project"."createdAt" DESC OFFSET $1
[34mprisma:query[39m SELECT "public"."ProjectTag"."projectId", "public"."ProjectTag"."tagId" FROM "public"."ProjectTag" WHERE "public"."ProjectTag"."projectId" IN ($1,$2,$3,$4,$5,$6) OFFSET $7
[34mprisma:query[39m SELECT "public"."Tag"."id", "public"."Tag"."name", "public"."Tag"."slug", "public"."Tag"."category"::text FROM "public"."Tag" WHERE "public"."Tag"."id" IN ($1,$2,$3,$4,$5,$6,$7,$8,$9,$10,$11,$12,$13,$14,$15,$16,$17,$18,$19,$20,$21,$22,$23,$24) OFFSET $25
[34mprisma:query[39m SELECT "public"."Resource"."id", "public"."Resource"."projectId", "public"."Resource"."type"::text, "public"."Resource"."title", "public"."Resource"."description", "public"."Resource"."url", "public"."Resource"."content", "public"."Resource"."order", "public"."Resource"."createdAt" FROM "public"."Resource" WHERE "public"."Resource"."projectId" IN ($1,$2,$3,$4,$5,$6) OFFSET $7
 GET /projects [32m200[39m in 135ms[2m (compile: 30ms, render: 104ms)[22m
[34mprisma:query[39m SELECT "public"."Tag"."id", "public"."Tag"."name", "public"."Tag"."slug", "public"."Tag"."category"::text, COALESCE("aggr_selection_0_ProjectTag"."_aggr_count_projects", 0) AS "_aggr_count_projects" FROM "public"."Tag" LEFT JOIN (SELECT "public"."ProjectTag"."tagId", COUNT(*) AS "_aggr_count_projects" FROM "public"."ProjectTag" WHERE 1=1 GROUP BY "public"."ProjectTag"."tagId") AS "aggr_selection_0_ProjectTag" ON ("public"."Tag"."id" = "aggr_selection_0_ProjectTag"."tagId") WHERE 1=1 ORDER BY "public"."Tag"."category" ASC, "public"."Tag"."name" ASC OFFSET $1
[34mprisma:query[39m SELECT "public"."Project"."id", "public"."Project"."title", "public"."Project"."slug", "public"."Project"."name", "public"."Project"."description", "public"."Project"."status"::text, "public"."Project"."featured", "public"."Project"."githubUrl", "public"."Project"."demoUrl", "public"."Project"."imageUrl", "public"."Project"."createdAt", "public"."Project"."updatedAt" FROM "public"."Project" WHERE EXISTS(SELECT "t0"."projectId" FROM "public"."ProjectTag" AS "t0" LEFT JOIN "public"."Tag" AS "j1" ON ("j1"."id") = ("t0"."tagId") WHERE ("j1"."slug" = $1 AND ("j1"."id" IS NOT NULL) AND ("public"."Project"."id") = ("t0"."projectId") AND "t0"."projectId" IS NOT NULL)) ORDER BY "public"."Project"."createdAt" DESC OFFSET $2
[34mprisma:query[39m SELECT "public"."ProjectTag"."projectId", "public"."ProjectTag"."tagId" FROM "public"."ProjectTag" WHERE "public"."ProjectTag"."projectId" IN ($1) OFFSET $2
[34mprisma:query[39m SELECT "public"."Resource"."id", "public"."Resource"."projectId", "public"."Resource"."type"::text, "public"."Resource"."title", "public"."Resource"."description", "public"."Resource"."url", "public"."Resource"."content", "public"."Resource"."order", "public"."Resource"."createdAt" FROM "public"."Resource" WHERE "public"."Resource"."projectId" IN ($1) OFFSET $2
[34mprisma:query[39m SELECT "public"."Tag"."id", "public"."Tag"."name", "public"."Tag"."slug", "public"."Tag"."category"::text FROM "public"."Tag" WHERE "public"."Tag"."id" IN ($1,$2) OFFSET $3
 GET /projects?tag=javascript [32m200[39m in 357ms[2m (compile: 3ms, render: 354ms)[22m
[34mprisma:query[39m SELECT "public"."Tag"."id", "public"."Tag"."name", "public"."Tag"."slug", "public"."Tag"."category"::text, COALESCE("aggr_selection_0_ProjectTag"."_aggr_count_projects", 0) AS "_aggr_count_projects" FROM "public"."Tag" LEFT JOIN (SELECT "public"."ProjectTag"."tagId", COUNT(*) AS "_aggr_count_projects" FROM "public"."ProjectTag" WHERE 1=1 GROUP BY "public"."ProjectTag"."tagId") AS "aggr_selection_0_ProjectTag" ON ("public"."Tag"."id" = "aggr_selection_0_ProjectTag"."tagId") WHERE 1=1 ORDER BY "public"."Tag"."category" ASC, "public"."Tag"."name" ASC OFFSET $1
[34mprisma:query[39m SELECT "public"."Project"."id", "public"."Project"."title", "public"."Project"."slug", "public"."Project"."name", "public"."Project"."description", "public"."Project"."status"::text, "public"."Project"."featured", "public"."Project"."githubUrl", "public"."Project"."demoUrl", "public"."Project"."imageUrl", "public"."Project"."createdAt", "public"."Project"."updatedAt" FROM "public"."Project" WHERE 1=1 ORDER BY "public"."Project"."createdAt" DESC OFFSET $1
[34mprisma:query[39m SELECT "public"."ProjectTag"."projectId", "public"."ProjectTag"."tagId" FROM "public"."ProjectTag" WHERE "public"."ProjectTag"."projectId" IN ($1,$2,$3,$4,$5,$6) OFFSET $7
[34mprisma:query[39m SELECT "public"."Resource"."id", "public"."Resource"."projectId", "public"."Resource"."type"::text, "public"."Resource"."title", "public"."Resource"."description", "public"."Resource"."url", "public"."Resource"."content", "public"."Resource"."order", "public"."Resource"."createdAt" FROM "public"."Resource" WHERE "public"."Resource"."projectId" IN ($1,$2,$3,$4,$5,$6) OFFSET $7
[34mprisma:query[39m SELECT "public"."Tag"."id", "public"."Tag"."name", "public"."Tag"."slug", "public"."Tag"."category"::text FROM "public"."Tag" WHERE "public"."Tag"."id" IN ($1,$2,$3,$4,$5,$6,$7,$8,$9,$10,$11,$12,$13,$14,$15,$16,$17,$18,$19,$20,$21,$22,$23,$24) OFFSET $25
 GET /projects [32m200[39m in 64ms[2m (compile: 3ms, render: 61ms)[22m
 [37m[1m○[22m[39m Compiling /about ...
[34mprisma:query[39m SELECT "public"."CvVersion"."id", "public"."CvVersion"."name", "public"."CvVersion"."content", "public"."CvVersion"."isPublic", "public"."CvVersion"."createdAt", "public"."CvVersion"."updatedAt" FROM "public"."CvVersion" WHERE "public"."CvVersion"."isPublic" = $1 LIMIT $2 OFFSET $3
[34mprisma:query[39m SELECT "public"."CvVersion"."id", "public"."CvVersion"."name", "public"."CvVersion"."content", "public"."CvVersion"."isPublic", "public"."CvVersion"."createdAt", "public"."CvVersion"."updatedAt" FROM "public"."CvVersion" WHERE "public"."CvVersion"."isPublic" = $1 LIMIT $2 OFFSET $3
 GET /about [32m200[39m in 3.6s[2m (compile: 3.5s, render: 164ms)[22m
 GET /about [32m200[39m in 48ms[2m (compile: 5ms, render: 43ms)[22m
[34mprisma:query[39m SELECT "public"."Tag"."id", "public"."Tag"."name", "public"."Tag"."slug", "public"."Tag"."category"::text, COALESCE("aggr_selection_0_ProjectTag"."_aggr_count_projects", 0) AS "_aggr_count_projects" FROM "public"."Tag" LEFT JOIN (SELECT "public"."ProjectTag"."tagId", COUNT(*) AS "_aggr_count_projects" FROM "public"."ProjectTag" WHERE 1=1 GROUP BY "public"."ProjectTag"."tagId") AS "aggr_selection_0_ProjectTag" ON ("public"."Tag"."id" = "aggr_selection_0_ProjectTag"."tagId") WHERE 1=1 ORDER BY "public"."Tag"."category" ASC, "public"."Tag"."name" ASC OFFSET $1
[34mprisma:query[39m SELECT "public"."Project"."id", "public"."Project"."title", "public"."Project"."slug", "public"."Project"."name", "public"."Project"."description", "public"."Project"."status"::text, "public"."Project"."featured", "public"."Project"."githubUrl", "public"."Project"."demoUrl", "public"."Project"."imageUrl", "public"."Project"."createdAt", "public"."Project"."updatedAt" FROM "public"."Project" WHERE 1=1 ORDER BY "public"."Project"."createdAt" DESC OFFSET $1
[34mprisma:query[39m SELECT "public"."ProjectTag"."projectId", "public"."ProjectTag"."tagId" FROM "public"."ProjectTag" WHERE "public"."ProjectTag"."projectId" IN ($1,$2,$3,$4,$5,$6) OFFSET $7
[34mprisma:query[39m SELECT "public"."Tag"."id", "public"."Tag"."name", "public"."Tag"."slug", "public"."Tag"."category"::text FROM "public"."Tag" WHERE "public"."Tag"."id" IN ($1,$2,$3,$4,$5,$6,$7,$8,$9,$10,$11,$12,$13,$14,$15,$16,$17,$18,$19,$20,$21,$22,$23,$24) OFFSET $25
[34mprisma:query[39m SELECT "public"."Resource"."id", "public"."Resource"."projectId", "public"."Resource"."type"::text, "public"."Resource"."title", "public"."Resource"."description", "public"."Resource"."url", "public"."Resource"."content", "public"."Resource"."order", "public"."Resource"."createdAt" FROM "public"."Resource" WHERE "public"."Resource"."projectId" IN ($1,$2,$3,$4,$5,$6) OFFSET $7
 GET /projects [32m200[39m in 415ms[2m (compile: 3ms, render: 412ms)[22m
[34mprisma:query[39m SELECT "public"."Project"."id", "public"."Project"."title", "public"."Project"."slug", "public"."Project"."name", "public"."Project"."description", "public"."Project"."status"::text, "public"."Project"."featured", "public"."Project"."githubUrl", "public"."Project"."demoUrl", "public"."Project"."imageUrl", "public"."Project"."createdAt", "public"."Project"."updatedAt" FROM "public"."Project" WHERE "public"."Project"."featured" = $1 ORDER BY "public"."Project"."createdAt" DESC OFFSET $2
[34mprisma:query[39m SELECT "public"."Project"."id", "public"."Project"."title", "public"."Project"."slug", "public"."Project"."name", "public"."Project"."description", "public"."Project"."status"::text, "public"."Project"."featured", "public"."Project"."githubUrl", "public"."Project"."demoUrl", "public"."Project"."imageUrl", "public"."Project"."createdAt", "public"."Project"."updatedAt" FROM "public"."Project" WHERE 1=1 ORDER BY "public"."Project"."createdAt" DESC OFFSET $1
[34mprisma:query[39m SELECT "public"."ProjectTag"."projectId", "public"."ProjectTag"."tagId" FROM "public"."ProjectTag" WHERE "public"."ProjectTag"."projectId" IN ($1,$2,$3,$4) OFFSET $5
[34mprisma:query[39m SELECT "public"."ProjectTag"."projectId", "public"."ProjectTag"."tagId" FROM "public"."ProjectTag" WHERE "public"."ProjectTag"."projectId" IN ($1,$2,$3,$4,$5,$6) OFFSET $7
[34mprisma:query[39m SELECT "public"."Tag"."id", "public"."Tag"."name", "public"."Tag"."slug", "public"."Tag"."category"::text FROM "public"."Tag" WHERE "public"."Tag"."id" IN ($1,$2,$3,$4,$5,$6,$7,$8,$9,$10,$11,$12,$13,$14,$15,$16) OFFSET $17
[34mprisma:query[39m SELECT "public"."Tag"."id", "public"."Tag"."name", "public"."Tag"."slug", "public"."Tag"."category"::text FROM "public"."Tag" WHERE "public"."Tag"."id" IN ($1,$2,$3,$4,$5,$6,$7,$8,$9,$10,$11,$12,$13,$14,$15,$16,$17,$18,$19,$20,$21,$22,$23,$24) OFFSET $25
[34mprisma:query[39m SELECT "public"."Tag"."id", "public"."Tag"."name", "public"."Tag"."slug", "public"."Tag"."category"::text, COALESCE("aggr_selection_0_ProjectTag"."_aggr_count_projects", 0) AS "_aggr_count_projects" FROM "public"."Tag" LEFT JOIN (SELECT "public"."ProjectTag"."tagId", COUNT(*) AS "_aggr_count_projects" FROM "public"."ProjectTag" WHERE 1=1 GROUP BY "public"."ProjectTag"."tagId") AS "aggr_selection_0_ProjectTag" ON ("public"."Tag"."id" = "aggr_selection_0_ProjectTag"."tagId") WHERE 1=1 ORDER BY "public"."Tag"."category" ASC, "public"."Tag"."name" ASC OFFSET $1
[34mprisma:query[39m SELECT "public"."Resource"."id", "public"."Resource"."projectId", "public"."Resource"."type"::text, "public"."Resource"."title", "public"."Resource"."description", "public"."Resource"."url", "public"."Resource"."content", "public"."Resource"."order", "public"."Resource"."createdAt" FROM "public"."Resource" WHERE "public"."Resource"."projectId" IN ($1,$2,$3,$4) OFFSET $5
[34mprisma:query[39m SELECT "public"."Resource"."id", "public"."Resource"."projectId", "public"."Resource"."type"::text, "public"."Resource"."title", "public"."Resource"."description", "public"."Resource"."url", "public"."Resource"."content", "public"."Resource"."order", "public"."Resource"."createdAt" FROM "public"."Resource" WHERE "public"."Resource"."projectId" IN ($1,$2,$3,$4,$5,$6) OFFSET $7
 GET /admin [32m200[39m in 282ms[2m (compile: 87ms, render: 196ms)[22m
[MIDDLEWARE] Session cookie found
[34mprisma:query[39m SELECT "public"."Project"."id", "public"."Project"."title", "public"."Project"."slug", "public"."Project"."name", "public"."Project"."description", "public"."Project"."status"::text, "public"."Project"."featured", "public"."Project"."githubUrl", "public"."Project"."demoUrl", "public"."Project"."imageUrl", "public"."Project"."createdAt", "public"."Project"."updatedAt" FROM "public"."Project" WHERE 1=1 ORDER BY "public"."Project"."createdAt" DESC OFFSET $1
[34mprisma:query[39m SELECT "public"."Resource"."id", "public"."Resource"."projectId", "public"."Resource"."type"::text, "public"."Resource"."title", "public"."Resource"."description", "public"."Resource"."url", "public"."Resource"."content", "public"."Resource"."order", "public"."Resource"."createdAt" FROM "public"."Resource" WHERE "public"."Resource"."projectId" IN ($1,$2,$3,$4,$5,$6) OFFSET $7
[34mprisma:query[39m SELECT "public"."ProjectTag"."projectId", "public"."ProjectTag"."tagId" FROM "public"."ProjectTag" WHERE "public"."ProjectTag"."projectId" IN ($1,$2,$3,$4,$5,$6) OFFSET $7
[34mprisma:query[39m SELECT "public"."Tag"."id", "public"."Tag"."name", "public"."Tag"."slug", "public"."Tag"."category"::text FROM "public"."Tag" WHERE "public"."Tag"."id" IN ($1,$2,$3,$4,$5,$6,$7,$8,$9,$10,$11,$12,$13,$14,$15,$16,$17,$18,$19,$20,$21,$22,$23,$24) OFFSET $25
 GET /admin/projects [32m200[39m in 126ms[2m (compile: 46ms, proxy.ts: 4ms, render: 76ms)[22m
[MIDDLEWARE] Session cookie found
[34mprisma:query[39m SELECT "public"."Tag"."id", "public"."Tag"."name", "public"."Tag"."slug", "public"."Tag"."category"::text, COALESCE("aggr_selection_0_ProjectTag"."_aggr_count_projects", 0) AS "_aggr_count_projects" FROM "public"."Tag" LEFT JOIN (SELECT "public"."ProjectTag"."tagId", COUNT(*) AS "_aggr_count_projects" FROM "public"."ProjectTag" WHERE 1=1 GROUP BY "public"."ProjectTag"."tagId") AS "aggr_selection_0_ProjectTag" ON ("public"."Tag"."id" = "aggr_selection_0_ProjectTag"."tagId") WHERE 1=1 ORDER BY "public"."Tag"."category" ASC, "public"."Tag"."name" ASC OFFSET $1
[34mprisma:query[39m SELECT "public"."Project"."id", "public"."Project"."title", "public"."Project"."slug", "public"."Project"."name", "public"."Project"."description", "public"."Project"."status"::text, "public"."Project"."featured", "public"."Project"."githubUrl", "public"."Project"."demoUrl", "public"."Project"."imageUrl", "public"."Project"."createdAt", "public"."Project"."updatedAt" FROM "public"."Project" WHERE ("public"."Project"."id" = $1 AND 1=1) LIMIT $2 OFFSET $3
[34mprisma:query[39m SELECT "public"."Resource"."id", "public"."Resource"."projectId", "public"."Resource"."type"::text, "public"."Resource"."title", "public"."Resource"."description", "public"."Resource"."url", "public"."Resource"."content", "public"."Resource"."order", "public"."Resource"."createdAt" FROM "public"."Resource" WHERE "public"."Resource"."projectId" = $1 OFFSET $2
[34mprisma:query[39m SELECT "public"."ProjectTag"."projectId", "public"."ProjectTag"."tagId" FROM "public"."ProjectTag" WHERE "public"."ProjectTag"."projectId" = $1 OFFSET $2
[34mprisma:query[39m SELECT "public"."Tag"."id", "public"."Tag"."name", "public"."Tag"."slug", "public"."Tag"."category"::text FROM "public"."Tag" WHERE "public"."Tag"."id" IN ($1,$2) OFFSET $3
 GET /admin/projects/6/edit [32m200[39m in 120ms[2m (compile: 52ms, proxy.ts: 3ms, render: 65ms)[22m
